This is pdfTeX, Version 3.1415926-2.5-1.40.14 (TeX Live 2013) (format=latex 2013.9.24)  24 OCT 2013 21:50
entering extended mode
 restricted \write18 enabled.
 %&-line parsing enabled.
**tutorial
(./tutorial.tex
LaTeX2e <2011/06/27>
Babel <3.9f> and hyphenation patterns for 78 languages loaded.
(/usr/local/texlive/2013/texmf-dist/tex/latex/base/report.cls
Document Class: report 2007/10/19 v1.4h Standard LaTeX document class
(/usr/local/texlive/2013/texmf-dist/tex/latex/base/fleqn.clo
File: fleqn.clo 1998/08/17 v1.1c Standard LaTeX option (flush left equations)
\mathindent=\dimen102
)
(/usr/local/texlive/2013/texmf-dist/tex/latex/base/size12.clo
File: size12.clo 2007/10/19 v1.4h Standard LaTeX file (size option)
)
\c@part=\count79
\c@chapter=\count80
\c@section=\count81
\c@subsection=\count82
\c@subsubsection=\count83
\c@paragraph=\count84
\c@subparagraph=\count85
\c@figure=\count86
\c@table=\count87
\abovecaptionskip=\skip41
\belowcaptionskip=\skip42
\bibindent=\dimen103
)
(/usr/local/texlive/2013/texmf-dist/tex/latex/graphics/color.sty
Package: color 2005/11/14 v1.0j Standard LaTeX Color (DPC)

(/usr/local/texlive/2013/texmf-dist/tex/latex/latexconfig/color.cfg
File: color.cfg 2007/01/18 v1.5 color configuration of teTeX/TeXLive
)
Package color Info: Driver file: dvips.def on input line 130.

(/usr/local/texlive/2013/texmf-dist/tex/latex/graphics/dvips.def
File: dvips.def 1999/02/16 v3.0i Driver-dependant file (DPC,SPQR)
)
(/usr/local/texlive/2013/texmf-dist/tex/latex/graphics/dvipsnam.def
File: dvipsnam.def 1999/02/16 v3.0i Driver-dependant file (DPC,SPQR)
))
(/usr/local/texlive/2013/texmf-dist/tex/latex/tools/multicol.sty
Package: multicol 2011/06/27 v1.7a multicolumn formatting (FMi)
\c@tracingmulticols=\count88
\mult@box=\box26
\multicol@leftmargin=\dimen104
\c@unbalance=\count89
\c@collectmore=\count90
\doublecol@number=\count91
\multicoltolerance=\count92
\multicolpretolerance=\count93
\full@width=\dimen105
\page@free=\dimen106
\premulticols=\dimen107
\postmulticols=\dimen108
\multicolsep=\skip43
\multicolbaselineskip=\skip44
\partial@page=\box27
\last@line=\box28
\mult@rightbox=\box29
\mult@grightbox=\box30
\mult@gfirstbox=\box31
\mult@firstbox=\box32
\@tempa=\box33
\@tempa=\box34
\@tempa=\box35
\@tempa=\box36
\@tempa=\box37
\@tempa=\box38
\@tempa=\box39
\@tempa=\box40
\@tempa=\box41
\@tempa=\box42
\@tempa=\box43
\@tempa=\box44
\@tempa=\box45
\@tempa=\box46
\@tempa=\box47
\@tempa=\box48
\@tempa=\box49
\c@columnbadness=\count94
\c@finalcolumnbadness=\count95
\last@try=\dimen109
\multicolovershoot=\dimen110
\multicolundershoot=\dimen111
\mult@nat@firstbox=\box50
\colbreak@box=\box51
\multicol@sort@counter=\count96
)
(/usr/local/texlive/2013/texmf-dist/tex/latex/base/makeidx.sty
Package: makeidx 2000/03/29 v1.0m Standard LaTeX package
)
(/usr/local/texlive/2013/texmf-dist/tex/latex/tools/bm.sty
Package: bm 2004/02/26 v1.1c Bold Symbol Support (DPC/FMi)
\symboldoperators=\mathgroup4
\symboldletters=\mathgroup5
\symboldsymbols=\mathgroup6
LaTeX Font Info:    Redeclaring math alphabet \mathbf on input line 138.
LaTeX Info: Redefining \bm on input line 204.
)
\@indexfile=\write3
\openout3 = `tutorial.idx'.


Writing index file tutorial.idx
(/usr/local/texlive/2013/texmf-dist/tex/latex/hyperref/hyperref.sty
Package: hyperref 2012/11/06 v6.83m Hypertext links for LaTeX

(/usr/local/texlive/2013/texmf-dist/tex/generic/oberdiek/hobsub-hyperref.sty
Package: hobsub-hyperref 2012/05/28 v1.13 Bundle oberdiek, subset hyperref (HO)


(/usr/local/texlive/2013/texmf-dist/tex/generic/oberdiek/hobsub-generic.sty
Package: hobsub-generic 2012/05/28 v1.13 Bundle oberdiek, subset generic (HO)
Package: hobsub 2012/05/28 v1.13 Construct package bundles (HO)
Package: infwarerr 2010/04/08 v1.3 Providing info/warning/error messages (HO)
Package: ltxcmds 2011/11/09 v1.22 LaTeX kernel commands for general use (HO)
Package: ifluatex 2010/03/01 v1.3 Provides the ifluatex switch (HO)
Package ifluatex Info: LuaTeX not detected.
Package: ifvtex 2010/03/01 v1.5 Detect VTeX and its facilities (HO)
Package ifvtex Info: VTeX not detected.
Package: intcalc 2007/09/27 v1.1 Expandable calculations with integers (HO)
Package: ifpdf 2011/01/30 v2.3 Provides the ifpdf switch (HO)
Package ifpdf Info: pdfTeX in PDF mode is not detected.
Package: etexcmds 2011/02/16 v1.5 Avoid name clashes with e-TeX commands (HO)
Package etexcmds Info: Could not find \expanded.
(etexcmds)             That can mean that you are not using pdfTeX 1.50 or
(etexcmds)             that some package has redefined \expanded.
(etexcmds)             In the latter case, load this package earlier.
Package: kvsetkeys 2012/04/25 v1.16 Key value parser (HO)
Package: kvdefinekeys 2011/04/07 v1.3 Define keys (HO)
Package: pdftexcmds 2011/11/29 v0.20 Utility functions of pdfTeX for LuaTeX (HO
)
Package pdftexcmds Info: LuaTeX not detected.
Package pdftexcmds Info: \pdf@primitive is available.
Package pdftexcmds Info: \pdf@ifprimitive is available.
Package pdftexcmds Info: \pdfdraftmode is ignored in DVI mode.
Package: pdfescape 2011/11/25 v1.13 Implements pdfTeX's escape features (HO)
Package: bigintcalc 2012/04/08 v1.3 Expandable calculations on big integers (HO
)
Package: bitset 2011/01/30 v1.1 Handle bit-vector datatype (HO)
Package: uniquecounter 2011/01/30 v1.2 Provide unlimited unique counter (HO)
)
Package hobsub Info: Skipping package `hobsub' (already loaded).
Package: letltxmacro 2010/09/02 v1.4 Let assignment for LaTeX macros (HO)
Package: hopatch 2012/05/28 v1.2 Wrapper for package hooks (HO)
Package: xcolor-patch 2011/01/30 xcolor patch
Package: atveryend 2011/06/30 v1.8 Hooks at the very end of document (HO)
Package atveryend Info: \enddocument detected (standard20110627).
Package: atbegshi 2011/10/05 v1.16 At begin shipout hook (HO)
Package: refcount 2011/10/16 v3.4 Data extraction from label references (HO)
Package: hycolor 2011/01/30 v1.7 Color options for hyperref/bookmark (HO)
)
(/usr/local/texlive/2013/texmf-dist/tex/latex/graphics/keyval.sty
Package: keyval 1999/03/16 v1.13 key=value parser (DPC)
\KV@toks@=\toks14
)
(/usr/local/texlive/2013/texmf-dist/tex/generic/ifxetex/ifxetex.sty
Package: ifxetex 2010/09/12 v0.6 Provides ifxetex conditional
)
(/usr/local/texlive/2013/texmf-dist/tex/latex/oberdiek/auxhook.sty
Package: auxhook 2011/03/04 v1.3 Hooks for auxiliary files (HO)
)
(/usr/local/texlive/2013/texmf-dist/tex/latex/oberdiek/kvoptions.sty
Package: kvoptions 2011/06/30 v3.11 Key value format for package options (HO)
)
\@linkdim=\dimen112
\Hy@linkcounter=\count97
\Hy@pagecounter=\count98

(/usr/local/texlive/2013/texmf-dist/tex/latex/hyperref/pd1enc.def
File: pd1enc.def 2012/11/06 v6.83m Hyperref: PDFDocEncoding definition (HO)
)
\Hy@SavedSpaceFactor=\count99

(/usr/local/texlive/2013/texmf-dist/tex/latex/latexconfig/hyperref.cfg
File: hyperref.cfg 2002/06/06 v1.2 hyperref configuration of TeXLive
)
Package hyperref Info: Hyper figures OFF on input line 4443.
Package hyperref Info: Link nesting OFF on input line 4448.
Package hyperref Info: Hyper index ON on input line 4451.
Package hyperref Info: Plain pages OFF on input line 4458.
Package hyperref Info: Backreferencing OFF on input line 4463.
Package hyperref Info: Implicit mode ON; LaTeX internals redefined.
Package hyperref Info: Bookmarks ON on input line 4688.
\c@Hy@tempcnt=\count100

(/usr/local/texlive/2013/texmf-dist/tex/latex/url/url.sty
\Urlmuskip=\muskip10
Package: url 2006/04/12  ver 3.3  Verb mode for urls, etc.
)
LaTeX Info: Redefining \url on input line 5041.
\XeTeXLinkMargin=\dimen113
\Fld@menulength=\count101
\Field@Width=\dimen114
\Fld@charsize=\dimen115
Package hyperref Info: Hyper figures OFF on input line 6295.
Package hyperref Info: Link nesting OFF on input line 6300.
Package hyperref Info: Hyper index ON on input line 6303.
Package hyperref Info: backreferencing OFF on input line 6310.
Package hyperref Info: Link coloring OFF on input line 6315.
Package hyperref Info: Link coloring with OCG OFF on input line 6320.
Package hyperref Info: PDF/A mode OFF on input line 6325.
LaTeX Info: Redefining \ref on input line 6365.
LaTeX Info: Redefining \pageref on input line 6369.
\Hy@abspage=\count102
\c@Item=\count103
\c@Hfootnote=\count104
)

Package hyperref Message: Driver (default): hdvips.

(/usr/local/texlive/2013/texmf-dist/tex/latex/hyperref/hdvips.def
File: hdvips.def 2012/11/06 v6.83m Hyperref driver for dvips

(/usr/local/texlive/2013/texmf-dist/tex/latex/hyperref/pdfmark.def
File: pdfmark.def 2012/11/06 v6.83m Hyperref definitions for pdfmark specials
\pdf@docset=\toks15
\pdf@box=\box52
\pdf@toks=\toks16
\pdf@defaulttoks=\toks17
\HyField@AnnotCount=\count105
\Fld@listcount=\count106
\c@bookmark@seq@number=\count107

(/usr/local/texlive/2013/texmf-dist/tex/latex/oberdiek/rerunfilecheck.sty
Package: rerunfilecheck 2011/04/15 v1.7 Rerun checks for auxiliary files (HO)
Package uniquecounter Info: New unique counter `rerunfilecheck' on input line 2
82.
)
\Hy@SectionHShift=\skip45
))
(/usr/local/texlive/2013/texmf-dist/tex/latex/graphics/graphicx.sty
Package: graphicx 1999/02/16 v1.0f Enhanced LaTeX Graphics (DPC,SPQR)

(/usr/local/texlive/2013/texmf-dist/tex/latex/graphics/graphics.sty
Package: graphics 2009/02/05 v1.0o Standard LaTeX Graphics (DPC,SPQR)

(/usr/local/texlive/2013/texmf-dist/tex/latex/graphics/trig.sty
Package: trig 1999/03/16 v1.09 sin cos tan (DPC)
)
(/usr/local/texlive/2013/texmf-dist/tex/latex/latexconfig/graphics.cfg
File: graphics.cfg 2010/04/23 v1.9 graphics configuration of TeX Live
)
Package graphics Info: Driver file: pdftex.def on input line 91.

(/usr/local/texlive/2013/texmf-dist/tex/latex/pdftex-def/pdftex.def
File: pdftex.def 2011/05/27 v0.06d Graphics/color for pdfTeX


! Package pdftex.def Error: PDF mode expected, but DVI mode detected!
(pdftex.def)                If you are using `latex', then call `pdflatex'.
(pdftex.def)                Otherwise check and correct the driver options.
(pdftex.def)                Error recovery by switching to PDF mode.

See the pdftex.def package documentation for explanation.
Type  H <return>  for immediate help.
 ...                                              
                                                  
l.433   }\@ehc
              
? 
\Gread@gobject=\count108
))
\Gin@req@height=\dimen116
\Gin@req@width=\dimen117
) (./tutorial.aux)
\openout1 = `tutorial.aux'.

LaTeX Font Info:    Checking defaults for OML/cmm/m/it on input line 33.
LaTeX Font Info:    ... okay on input line 33.
LaTeX Font Info:    Checking defaults for T1/cmr/m/n on input line 33.
LaTeX Font Info:    ... okay on input line 33.
LaTeX Font Info:    Checking defaults for OT1/cmr/m/n on input line 33.
LaTeX Font Info:    ... okay on input line 33.
LaTeX Font Info:    Checking defaults for OMS/cmsy/m/n on input line 33.
LaTeX Font Info:    ... okay on input line 33.
LaTeX Font Info:    Checking defaults for OMX/cmex/m/n on input line 33.
LaTeX Font Info:    ... okay on input line 33.
LaTeX Font Info:    Checking defaults for U/cmr/m/n on input line 33.
LaTeX Font Info:    ... okay on input line 33.
LaTeX Font Info:    Checking defaults for PD1/pdf/m/n on input line 33.
LaTeX Font Info:    ... okay on input line 33.
\AtBeginShipoutBox=\box53
Package hyperref Info: Link coloring OFF on input line 33.

(/usr/local/texlive/2013/texmf-dist/tex/latex/hyperref/nameref.sty
Package: nameref 2012/10/27 v2.43 Cross-referencing by name of section

(/usr/local/texlive/2013/texmf-dist/tex/generic/oberdiek/gettitlestring.sty
Package: gettitlestring 2010/12/03 v1.4 Cleanup title references (HO)
)
\c@section@level=\count109
)
LaTeX Info: Redefining \ref on input line 33.
LaTeX Info: Redefining \pageref on input line 33.
LaTeX Info: Redefining \nameref on input line 33.

(./tutorial.out) (./tutorial.out)
\@outlinefile=\write4
\openout4 = `tutorial.out'.


(/usr/local/texlive/2013/texmf-dist/tex/context/base/supp-pdf.mkii
[Loading MPS to PDF converter (version 2006.09.02).]
\scratchcounter=\count110
\scratchdimen=\dimen118
\scratchbox=\box54
\nofMPsegments=\count111
\nofMParguments=\count112
\everyMPshowfont=\toks18
\MPscratchCnt=\count113
\MPscratchDim=\dimen119
\MPnumerator=\count114
\makeMPintoPDFobject=\count115
\everyMPtoPDFconversion=\toks19
)
LaTeX Font Info:    Try loading font information for OT1+phv on input line 40.
 (/usr/local/texlive/2013/texmf-dist/tex/latex/psnfss/ot1phv.fd
File: ot1phv.fd 2001/06/04 scalable font definitions for OT1/phv.
)

LaTeX Font Warning: Font shape `OT1/phv/b/i' undefined
(Font)              using `OT1/phv/b/n' instead on input line 40.

<./figures/symbol.pdf, id=1, 352.31625pt x 349.305pt>
File: ./figures/symbol.pdf Graphic file (type pdf)

<use ./figures/symbol.pdf>
Package pdftex.def Info: ./figures/symbol.pdf used on input line 48.
(pdftex.def)             Requested size: 284.52756pt x 282.09335pt.
 [1
Non-PDF special ignored!
Non-PDF special ignored!
Non-PDF special ignored!
Non-PDF special ignored!
Non-PDF special ignored!
Non-PDF special ignored!
Non-PDF special ignored!
Non-PDF special ignored!


Non-PDF special ignored!
Non-PDF special ignored!
Non-PDF special ignored!
Non-PDF special ignored!
Non-PDF special ignored!
Non-PDF special ignored!
Non-PDF special ignored!
Non-PDF special ignored!
Non-PDF special ignored!
Non-PDF special ignored!
Non-PDF special ignored!
Non-PDF special ignored!
Non-PDF special ignored!
Non-PDF special ignored!
Non-PDF special ignored!
Non-PDF special ignored!
Non-PDF special ignored!
Non-PDF special ignored!
Non-PDF special ignored!
Non-PDF special ignored!
Non-PDF special ignored!
Non-PDF special ignored!
Non-PDF special ignored!
Non-PDF special ignored!
Non-PDF special ignored!
Non-PDF special ignored!
Non-PDF special ignored!
Non-PDF special ignored!
Non-PDF special ignored!
Non-PDF special ignored!
Non-PDF special ignored!
Non-PDF special ignored!
Non-PDF special ignored!
Non-PDF special ignored!
Non-PDF special ignored!
Non-PDF special ignored!
Non-PDF special ignored!
Non-PDF special ignored!
Non-PDF special ignored!
Non-PDF special ignored!
Non-PDF special ignored!
Non-PDF special ignored!
Non-PDF special ignored!
Non-PDF special ignored!
Non-PDF special ignored!
Non-PDF special ignored!
Non-PDF special ignored!
Non-PDF special ignored!
Non-PDF special ignored!
Non-PDF special ignored!
Non-PDF special ignored!
Non-PDF special ignored!
Non-PDF special ignored!
Non-PDF special ignored!
Non-PDF special ignored!
Non-PDF special ignored!{/usr/local/texlive/2013/texmf-var/fonts/map/pdftex/upd
map/pdftex.map} <./figures/symbol.pdf>]
Underfull \hbox (badness 10000) in paragraph at lines 64--81

 []


Underfull \hbox (badness 10000) in paragraph at lines 64--81

 []


Underfull \hbox (badness 10000) in paragraph at lines 64--81

 []


Underfull \hbox (badness 10000) in paragraph at lines 64--81

 []


Underfull \hbox (badness 10000) in paragraph at lines 64--81

 []


Underfull \hbox (badness 10000) in paragraph at lines 64--81

 []


Underfull \hbox (badness 10000) in paragraph at lines 64--81

 []


Overfull \hbox (233.38052pt too wide) in paragraph at lines 64--81
\OT1/cmr/m/n/14.4 and M. Par-rinello, [][][][],
 []

[1
Non-PDF special ignored!
Non-PDF special ignored!
Non-PDF special ignored!
Non-PDF special ignored!
Non-PDF special ignored!
Non-PDF special ignored!
Non-PDF special ignored!] (./tutorial.toc
LaTeX Font Info:    External font `cmex10' loaded for size
(Font)              <14.4> on input line 2.
LaTeX Font Info:    External font `cmex10' loaded for size
(Font)              <7> on input line 2.

Overfull \hbox (22.11737pt too wide) in paragraph at lines 4--4
 [][] [] [][]  
 []


Overfull \hbox (61.96776pt too wide) in paragraph at lines 12--12
 [][] [] [][]  
 []


Overfull \hbox (64.19778pt too wide) in paragraph at lines 13--13
 [][] [] [][]  
 []

[2
Non-PDF special ignored!
Non-PDF special ignored!
Non-PDF special ignored!
Non-PDF special ignored!


Non-PDF special ignored!
Non-PDF special ignored!
Non-PDF special ignored!
Non-PDF special ignored!
Non-PDF special ignored!
Non-PDF special ignored!
Non-PDF special ignored!
Non-PDF special ignored!
Non-PDF special ignored!
Non-PDF special ignored!
Non-PDF special ignored!
Non-PDF special ignored!
Non-PDF special ignored!
Non-PDF special ignored!
Non-PDF special ignored!
Non-PDF special ignored!
Non-PDF special ignored!
Non-PDF special ignored!
Non-PDF special ignored!
Non-PDF special ignored!
Non-PDF special ignored!
Non-PDF special ignored!
Non-PDF special ignored!
Non-PDF special ignored!
Non-PDF special ignored!
Non-PDF special ignored!
Non-PDF special ignored!
Non-PDF special ignored!
Non-PDF special ignored!
Non-PDF special ignored!
Non-PDF special ignored!
Non-PDF special ignored!
Non-PDF special ignored!
Non-PDF special ignored!
Non-PDF special ignored!
Non-PDF special ignored!
Non-PDF special ignored!
Non-PDF special ignored!
Non-PDF special ignored!
Non-PDF special ignored!
Non-PDF special ignored!
Non-PDF special ignored!
Non-PDF special ignored!
Non-PDF special ignored!
Non-PDF special ignored!
Non-PDF special ignored!
Non-PDF special ignored!
Non-PDF special ignored!
Non-PDF special ignored!
Non-PDF special ignored!
Non-PDF special ignored!
Non-PDF special ignored!
Non-PDF special ignored!
Non-PDF special ignored!
Non-PDF special ignored!
Non-PDF special ignored!
Non-PDF special ignored!
Non-PDF special ignored!
Non-PDF special ignored!
Non-PDF special ignored!
Non-PDF special ignored!
Non-PDF special ignored!
Non-PDF special ignored!]
Overfull \hbox (86.64746pt too wide) in paragraph at lines 40--40
 [][] [] [][]  
 []


Overfull \hbox (22.80656pt too wide) in paragraph at lines 50--50
 [][] [] [][]  
 []

[3
Non-PDF special ignored!
Non-PDF special ignored!
Non-PDF special ignored!
Non-PDF special ignored!
Non-PDF special ignored!
Non-PDF special ignored!
Non-PDF special ignored!
Non-PDF special ignored!
Non-PDF special ignored!
Non-PDF special ignored!
Non-PDF special ignored!
Non-PDF special ignored!
Non-PDF special ignored!
Non-PDF special ignored!
Non-PDF special ignored!
Non-PDF special ignored!
Non-PDF special ignored!
Non-PDF special ignored!
Non-PDF special ignored!
Non-PDF special ignored!
Non-PDF special ignored!
Non-PDF special ignored!
Non-PDF special ignored!
Non-PDF special ignored!
Non-PDF special ignored!
Non-PDF special ignored!
Non-PDF special ignored!
Non-PDF special ignored!
Non-PDF special ignored!
Non-PDF special ignored!
Non-PDF special ignored!
Non-PDF special ignored!
Non-PDF special ignored!
Non-PDF special ignored!
Non-PDF special ignored!
Non-PDF special ignored!
Non-PDF special ignored!
Non-PDF special ignored!
Non-PDF special ignored!
Non-PDF special ignored!
Non-PDF special ignored!
Non-PDF special ignored!
Non-PDF special ignored!
Non-PDF special ignored!
Non-PDF special ignored!
Non-PDF special ignored!
Non-PDF special ignored!
Non-PDF special ignored!
Non-PDF special ignored!
Non-PDF special ignored!
Non-PDF special ignored!
Non-PDF special ignored!
Non-PDF special ignored!
Non-PDF special ignored!
Non-PDF special ignored!
Non-PDF special ignored!
Non-PDF special ignored!
Non-PDF special ignored!
Non-PDF special ignored!
Non-PDF special ignored!
Non-PDF special ignored!
Non-PDF special ignored!
Non-PDF special ignored!
Non-PDF special ignored!
Non-PDF special ignored!
Non-PDF special ignored!
Non-PDF special ignored!
Non-PDF special ignored!
Non-PDF special ignored!
Non-PDF special ignored!
Non-PDF special ignored!
Non-PDF special ignored!
Non-PDF special ignored!
Non-PDF special ignored!
Non-PDF special ignored!
Non-PDF special ignored!
Non-PDF special ignored!
Non-PDF special ignored!
Non-PDF special ignored!
Non-PDF special ignored!
Non-PDF special ignored!
Non-PDF special ignored!
Non-PDF special ignored!
Non-PDF special ignored!
Non-PDF special ignored!
Non-PDF special ignored!
Non-PDF special ignored!
Non-PDF special ignored!])
\tf@toc=\write5
\openout5 = `tutorial.toc'.

 [4
Non-PDF special ignored!
Non-PDF special ignored!
Non-PDF special ignored!
Non-PDF special ignored!
Non-PDF special ignored!
Non-PDF special ignored!
Non-PDF special ignored!
Non-PDF special ignored!
Non-PDF special ignored!
Non-PDF special ignored!]
Chapter 1.
[5
Non-PDF special ignored!
Non-PDF special ignored!
Non-PDF special ignored!
Non-PDF special ignored!


Non-PDF special ignored!
Non-PDF special ignored!
Non-PDF special ignored!
Non-PDF special ignored!
Non-PDF special ignored!
Non-PDF special ignored!]
Overfull \hbox (69.41928pt too wide) in paragraph at lines 126--126
[]\OT1/cmtt/m/n/14.4 cp -r /nfs_home/tutoadmin/PLUMED/EXERCISES_FINAL/1_compili
ng .[] 
 []


Overfull \hbox (12.48427pt too wide) in paragraph at lines 127--128
\OT1/cmr/m/n/14.4 The doc-u-men-ta-tion (a file \OT1/cmtt/m/n/14.4 tutorial.pdf
 \OT1/cmr/m/n/14.4 with the prac-ti-cal lessons
 []


Overfull \hbox (65.75267pt too wide) in paragraph at lines 133--134
[]\OT1/cmr/m/n/14.4 Now let'us go back to the com-pil-ing: first en-ter the \OT
1/cmtt/m/n/14.4 1[]compiling/plumed
 []

[6
Non-PDF special ignored!
Non-PDF special ignored!
Non-PDF special ignored!
Non-PDF special ignored!]
LaTeX Font Info:    Try loading font information for OMS+cmr on input line 149.


(/usr/local/texlive/2013/texmf-dist/tex/latex/base/omscmr.fd
File: omscmr.fd 1999/05/25 v2.5h Standard LaTeX font definitions
)
LaTeX Font Info:    Font shape `OMS/cmr/m/n' in size <14.4> not available
(Font)              Font shape `OMS/cmsy/m/n' tried instead on input line 149.

Overfull \hbox (25.472pt too wide) in paragraph at lines 151--152
\OT1/cmr/m/n/14.4 MPICH are freely avail-able from [][][][]).
 []


Overfull \hbox (108.32582pt too wide) in paragraph at lines 152--153
[]\OT1/cmr/m/n/14.4 GROMACS pack-age (4.0.7) for this ex-am-ple (see [][][][]).
 
 []


Overfull \hbox (108.49927pt too wide) in paragraph at lines 153--154
\OT1/cmr/m/n/14.4 will have a 1.2.1 ver-sion) at the usual web-site [][][][]. 
 []

[7
Non-PDF special ignored!
Non-PDF special ignored!
Non-PDF special ignored!
Non-PDF special ignored!
Non-PDF special ignored!
Non-PDF special ignored!
Non-PDF special ignored!
Non-PDF special ignored!
Non-PDF special ignored!
Non-PDF special ignored!
Non-PDF special ignored!
Non-PDF special ignored!
Non-PDF special ignored!
Non-PDF special ignored!
Non-PDF special ignored!
Non-PDF special ignored!
Non-PDF special ignored!
Non-PDF special ignored!
Non-PDF special ignored!] [8
Non-PDF special ignored!
Non-PDF special ignored!
Non-PDF special ignored!
Non-PDF special ignored!]
Overfull \hbox (76.82927pt too wide) in paragraph at lines 211--211
[]\OT1/cmtt/m/n/14.4 myuser> chmod +x $plumedir/patches/plumedpatch_gromacs_4.0
.4.sh[] 
 []


Overfull \hbox (62.0093pt too wide) in paragraph at lines 211--211
[]\OT1/cmtt/m/n/14.4 myuser> $plumedir/patches/plumedpatch_gromacs_4.0.4.sh -pa
tch[] 
 []


Overfull \hbox (268.67378pt too wide) in paragraph at lines 212--214
\OT1/cmr/m/n/14.4 where \OT1/cmtt/m/n/14.4 my/path/to/plumed \OT1/cmr/m/n/14.4 
will look some-thing like \OT1/cmtt/m/n/14.4 /scratch/tutoXX/1[]compiling/plume
d/PLUMED-1.2.1
 []

[9
Non-PDF special ignored!
Non-PDF special ignored!
Non-PDF special ignored!
Non-PDF special ignored!] [10
Non-PDF special ignored!
Non-PDF special ignored!
Non-PDF special ignored!
Non-PDF special ignored!]
Overfull \hbox (69.41928pt too wide) in paragraph at lines 254--254
[]\OT1/cmtt/m/n/14.4 myuser> $plumedir/patches/plumedpatch_gromacs_4.0.4.sh -re
vert[] 
 []


Overfull \hbox (62.0093pt too wide) in paragraph at lines 271--271
[]\OT1/cmtt/m/n/14.4 myuser> $plumedir/patches/plumedpatch_gromacs_4.0.4.sh -pa
tch[] 
 []

[11
Non-PDF special ignored!
Non-PDF special ignored!
Non-PDF special ignored!
Non-PDF special ignored!]
Overfull \hbox (58.3274pt too wide) in paragraph at lines 287--292
\OT1/cmr/m/n/14.4 pack-age QUAN-TUM ESPRESSO ([][][][])
 []


Overfull \hbox (106.46922pt too wide) in paragraph at lines 311--311
[]\OT1/cmtt/m/n/14.4 myuser> chmod +x ${plumedir}/patches/plumedpatch_qespresso
_4.2.0.sh[] 
 []

[12
Non-PDF special ignored!
Non-PDF special ignored!
Non-PDF special ignored!
Non-PDF special ignored!
Non-PDF special ignored!
Non-PDF special ignored!
Non-PDF special ignored!
Non-PDF special ignored!
Non-PDF special ignored!
Non-PDF special ignored!]
Overfull \hbox (91.64925pt too wide) in paragraph at lines 311--311
[]\OT1/cmtt/m/n/14.4 myuser> ${plumedir}/patches/plumedpatch_qespresso_4.2.0.sh
 -patch[] 
 []


Overfull \hbox (17.695pt too wide) in paragraph at lines 315--320
\OT1/cmr/m/n/14.4 Another in-ter-est-ing clas-si-cal molec-u-lar dy-nam-ics cod
e is LAMMPS.
 []

[13
Non-PDF special ignored!
Non-PDF special ignored!
Non-PDF special ignored!
Non-PDF special ignored!
Non-PDF special ignored!
Non-PDF special ignored!
Non-PDF special ignored!
Non-PDF special ignored!
Non-PDF special ignored!
Non-PDF special ignored!]
Overfull \hbox (10.13937pt too wide) in paragraph at lines 337--337
[]\OT1/cmtt/m/n/14.4 myuser> cp  ../Makefile.icc.atc ./lib/atc/Makefile.icc[] 
 []


Overfull \hbox (39.77933pt too wide) in paragraph at lines 337--337
[]\OT1/cmtt/m/n/14.4 myuser> cp ../Makefile.openmpi ./src/MAKE/Makefile.openmpi
[] 
 []


Overfull \hbox (5.26065pt too wide) in paragraph at lines 351--357
\OT1/cmtt/m/n/14.4 ./src/MAKE \OT1/cmr/m/n/14.4 di-rec-tory. In \OT1/cmtt/m/n/1
4.4 ottokar \OT1/cmr/m/n/14.4 we use the \OT1/cmtt/m/n/14.4 Makefile.openmpi
 []


Overfull \hbox (72.82248pt too wide) in paragraph at lines 351--357
\OT1/cmr/m/n/14.4 along with the in-stal-la-tion. Over-write it on \OT1/cmtt/m/
n/14.4 ./src/MAKE/Makefile.openmpi
 []


Overfull \hbox (121.2892pt too wide) in paragraph at lines 361--361
[]\OT1/cmtt/m/n/14.4 myuser> chmod +x ${plumedir}/patches/plumedpatch_lammps_24
-09-2010.sh[] 
 []


Overfull \hbox (113.87921pt too wide) in paragraph at lines 361--361
[]\OT1/cmtt/m/n/14.4 myuser>  ${plumedir}/patches/plumedpatch_lammps_24-09-2010
.sh -patch[] 
 []

[14
Non-PDF special ignored!
Non-PDF special ignored!
Non-PDF special ignored!
Non-PDF special ignored!]
Overfull \hbox (11.87715pt too wide) in paragraph at lines 380--381
\OT1/cmr/m/n/14.4 and af-ter some ages(!) you should get the ex-e-cutable \OT1/
cmtt/m/n/14.4 lmp[]openmpi\OT1/cmr/m/n/14.4 . 
 []

[15
Non-PDF special ignored!
Non-PDF special ignored!
Non-PDF special ignored!
Non-PDF special ignored!]
Chapter 2.

LaTeX Warning: Command \r invalid in math mode on input line 389.

[16
Non-PDF special ignored!
Non-PDF special ignored!
Non-PDF special ignored!
Non-PDF special ignored!


Non-PDF special ignored!
Non-PDF special ignored!
Non-PDF special ignored!] [17
Non-PDF special ignored!
Non-PDF special ignored!
Non-PDF special ignored!
Non-PDF special ignored!]
Missing character: There is no Ê in font cmr12!

Underfull \hbox (badness 10000) in paragraph at lines 444--444

 []

[18
Non-PDF special ignored!
Non-PDF special ignored!
Non-PDF special ignored!
Non-PDF special ignored!
Non-PDF special ignored!
Non-PDF special ignored!
Non-PDF special ignored!]
Underfull \hbox (badness 10000) in paragraph at lines 474--474

 []


Overfull \hbox (47.18932pt too wide) in paragraph at lines 486--486
[]\OT1/cmtt/m/n/14.4 cp -r /nfs_home/tutoadmin/PLUMED/EXERCISES_FINAL/2_basics 
.[] 
 []

[19
Non-PDF special ignored!
Non-PDF special ignored!
Non-PDF special ignored!
Non-PDF special ignored!
Non-PDF special ignored!
Non-PDF special ignored!
Non-PDF special ignored!
Non-PDF special ignored!
Non-PDF special ignored!
Non-PDF special ignored!] <./path/diala.pdf, id=83, 686.565pt x 589.20125pt>
File: ./path/diala.pdf Graphic file (type pdf)

<use ./path/diala.pdf>
Package pdftex.def Info: ./path/diala.pdf used on input line 489.
(pdftex.def)             Requested size: 284.52756pt x 244.17232pt.
LaTeX Font Info:    External font `cmex10' loaded for size
(Font)              <12> on input line 490.
LaTeX Font Info:    External font `cmex10' loaded for size
(Font)              <8> on input line 490.
LaTeX Font Info:    External font `cmex10' loaded for size
(Font)              <6> on input line 490.
LaTeX Font Info:    External font `cmex10' loaded for size
(Font)              <5> on input line 507.

Underfull \hbox (badness 10000) in paragraph at lines 507--507

 []

[20
Non-PDF special ignored!
Non-PDF special ignored!
Non-PDF special ignored!
Non-PDF special ignored!
Non-PDF special ignored!
Non-PDF special ignored!
Non-PDF special ignored! <./path/diala.pdf>]
Overfull \hbox (24.95935pt too wide) in paragraph at lines 535--535
[]\OT1/cmtt/m/n/14.4 ::::::::::::::::: READING PLUMED INPUT :::::::::::::::::[]
 
 []


Overfull \hbox (106.46922pt too wide) in paragraph at lines 535--535
[]       \OT1/cmtt/m/n/14.4 (2nd SET: 1 ATOMS), (3rd SET: 1 ATOMS) , (4th SET: 
1 ATOMS);[] 
 []


Overfull \hbox (106.46922pt too wide) in paragraph at lines 535--535
[]       \OT1/cmtt/m/n/14.4 (2nd SET: 1 ATOMS), (3rd SET: 1 ATOMS) , (4th SET: 
1 ATOMS);[] 
 []


Underfull \hbox (badness 10000) in paragraph at lines 536--539

 []

[21
Non-PDF special ignored!
Non-PDF special ignored!
Non-PDF special ignored!
Non-PDF special ignored!]
Overfull \hbox (128.69919pt too wide) in paragraph at lines 545--545
[]     \OT1/cmtt/m/n/14.4 0.000     -2.655213716      2.760231131      0.000000
000      ...[] 
 []


Overfull \hbox (128.69919pt too wide) in paragraph at lines 545--545
[]     \OT1/cmtt/m/n/14.4 0.020     -2.676506406      2.845943731      0.000000
000      ...[] 
 []


Overfull \hbox (128.69919pt too wide) in paragraph at lines 545--545
[]     \OT1/cmtt/m/n/14.4 0.040     -2.646984155      2.749365464      0.000000
000      ...[] 
 []

<./basics/monitoring/plot_time.pdf, id=96, 361.35pt x 216.81pt>
File: ./basics/monitoring/plot_time.pdf Graphic file (type pdf)

<use ./basics/monitoring/plot_time.pdf>
Package pdftex.def Info: ./basics/monitoring/plot_time.pdf used on input line 5
55.
(pdftex.def)             Requested size: 341.43306pt x 204.86006pt.

<./basics/monitoring/plot_phipsi.pdf, id=97, 361.35pt x 216.81pt>
File: ./basics/monitoring/plot_phipsi.pdf Graphic file (type pdf)

<use ./basics/monitoring/plot_phipsi.pdf>
Package pdftex.def Info: ./basics/monitoring/plot_phipsi.pdf used on input line
 564.
(pdftex.def)             Requested size: 341.43306pt x 204.86006pt.
 [22
Non-PDF special ignored!
Non-PDF special ignored!
Non-PDF special ignored!
Non-PDF special ignored!
Non-PDF special ignored!
Non-PDF special ignored!
Non-PDF special ignored!
Non-PDF special ignored!
Non-PDF special ignored!
Non-PDF special ignored!
Non-PDF special ignored!
Non-PDF special ignored!
Non-PDF special ignored!] [23
Non-PDF special ignored!
Non-PDF special ignored!
Non-PDF special ignored!
Non-PDF special ignored!
Non-PDF special ignored!
Non-PDF special ignored!
Non-PDF special ignored!
Non-PDF special ignored!
Non-PDF special ignored!
Non-PDF special ignored! <./basics/monitoring/plot_time.pdf> <./basics/monitori
ng/plot_phipsi.pdf>]
Overfull \hbox (121.2892pt too wide) in paragraph at lines 596--596
[]            \OT1/cmtt/m/n/14.4 /installation/gromacs/gromacs-4.0.7/install_di
r/bin/GMXRC[] 
 []


Overfull \hbox (158.33914pt too wide) in paragraph at lines 596--596
[]\OT1/cmtt/m/n/14.4 CATDCD="/nfs_home/tutoadmin/PLUMED/catdcd/LINUXAMD64/bin/c
atdcd4.0/catdcd"[] 
 []


Overfull \hbox (202.79907pt too wide) in paragraph at lines 596--596
[]\OT1/cmtt/m/n/14.4 DRIVER="/scratch/tutoxx/1_compiling/plumed/PLUMED-1.2.1/ut
ilities/driver/driver"[] 
 []


Overfull \hbox (121.2892pt too wide) in paragraph at lines 596--596
[]\OT1/cmtt/m/n/14.4 $DRIVER -pdb 2ala.pdb -dcd traj.dcd -ncv 2 -nopbc -plumed 
plumed2.dat[] 
 []

[24
Non-PDF special ignored!
Non-PDF special ignored!
Non-PDF special ignored!
Non-PDF special ignored!]
Overfull \hbox (252.1422pt too wide) in paragraph at lines 612--632
\OT1/cmr/m/n/14.4 MACS) and cat-dcd (from Klaus Schul-ten group http://www.ks.u
iuc.edu/Development/MDTools/catdcd/
 []


Overfull \hbox (91.64925pt too wide) in paragraph at lines 636--636
[]\OT1/cmtt/m/n/14.4 plumed driver --pdb 2ala.pdb --igro traj.gro --plumed plum
ed2.dat[] 
 []


Overfull \hbox (38.35881pt too wide) in paragraph at lines 637--639
\OT1/cmr/m/n/14.4 All the pre-vios com-mands are in-cluded \OT1/cmtt/m/n/14.4 p
ostprocess[]with[]driver.sh\OT1/cmr/m/n/14.4 .
 []

[25
Non-PDF special ignored!
Non-PDF special ignored!
Non-PDF special ignored!
Non-PDF special ignored!] [26
Non-PDF special ignored!
Non-PDF special ignored!
Non-PDF special ignored!
Non-PDF special ignored!]
Chapter 3.

Overfull \hbox (6.32277pt too wide) in paragraph at lines 657--657
[]\OT1/cmr/bx/n/14.4 An um-brella sam-pling cal-cu-la-tion. Ala-nine dipep-
 []

[27
Non-PDF special ignored!
Non-PDF special ignored!
Non-PDF special ignored!
Non-PDF special ignored!


Non-PDF special ignored!
Non-PDF special ignored!
Non-PDF special ignored!
Non-PDF special ignored!
Non-PDF special ignored!
Non-PDF special ignored!] [28
Non-PDF special ignored!
Non-PDF special ignored!
Non-PDF special ignored!
Non-PDF special ignored!
Non-PDF special ignored!
Non-PDF special ignored!
Non-PDF special ignored!
Non-PDF special ignored!
Non-PDF special ignored!
Non-PDF special ignored!]
Underfull \hbox (badness 10000) in paragraph at lines 690--690

 []


Overfull \hbox (1.70726pt too wide) in paragraph at lines 699--705
\OT1/cmr/m/n/14.4 out-put the sum of the ad-di-tional po-ten-tial is shown in t
he \OT1/cmtt/m/n/14.4 COLVAR
 []

[29
Non-PDF special ignored!
Non-PDF special ignored!
Non-PDF special ignored!
Non-PDF special ignored!
Non-PDF special ignored!
Non-PDF special ignored!
Non-PDF special ignored!
Non-PDF special ignored!
Non-PDF special ignored!
Non-PDF special ignored!]
Overfull \hbox (24.95935pt too wide) in paragraph at lines 782--782
[]\OT1/cmtt/m/n/14.4 wham-2d Px=pi -3.14159 3.14159 50 Py=pi -3.14159 3.14159[]
 
 []


Overfull \hbox (69.41928pt too wide) in paragraph at lines 782--782
[]            \OT1/cmtt/m/n/14.4 50 0.001 300 0 metadatafile free_ene.dat >out_
wham[] 
 []

<./path/umbrella_sampling/rama_gromos96.pdf, id=132, 361.35pt x 216.81pt>
File: ./path/umbrella_sampling/rama_gromos96.pdf Graphic file (type pdf)

<use ./path/umbrella_sampling/rama_gromos96.pdf>
Package pdftex.def Info: ./path/umbrella_sampling/rama_gromos96.pdf used on inp
ut line 787.
(pdftex.def)             Requested size: 426.79134pt x 256.07838pt.

Overfull \hbox (36.79134pt too wide) in paragraph at lines 787--788
 [] 
 []

[30
Non-PDF special ignored!
Non-PDF special ignored!
Non-PDF special ignored!
Non-PDF special ignored!
Non-PDF special ignored!
Non-PDF special ignored!
Non-PDF special ignored!
Non-PDF special ignored!
Non-PDF special ignored!
Non-PDF special ignored!] [31
Non-PDF special ignored!
Non-PDF special ignored!
Non-PDF special ignored!
Non-PDF special ignored!
Non-PDF special ignored!
Non-PDF special ignored!
Non-PDF special ignored! <./path/umbrella_sampling/rama_gromos96.pdf>]

LaTeX Warning: Citation `jarzynski' on page 32 undefined on input line 822.

[32
Non-PDF special ignored!
Non-PDF special ignored!
Non-PDF special ignored!
Non-PDF special ignored!
Non-PDF special ignored!
Non-PDF special ignored!
Non-PDF special ignored!
Non-PDF special ignored!
Non-PDF special ignored!
Non-PDF special ignored!
Non-PDF special ignored!
Non-PDF special ignored!
Non-PDF special ignored!]
Underfull \hbox (badness 10000) in paragraph at lines 869--869
\OT1/cmtt/m/n/8 stmd: MOVINGRESTRAINT ARG=rmsd STEP0=0 AT0=0.02757 KAPPA0=10000
000.0 STEP1=270000
 []


Underfull \hbox (badness 10000) in paragraph at lines 869--869

 []


Underfull \hbox (badness 10000) in paragraph at lines 869--869

 []

[33
Non-PDF special ignored!
Non-PDF special ignored!
Non-PDF special ignored!
Non-PDF special ignored!
Non-PDF special ignored!
Non-PDF special ignored!
Non-PDF special ignored!
Non-PDF special ignored!
Non-PDF special ignored!
Non-PDF special ignored!
Non-PDF special ignored!
Non-PDF special ignored!
Non-PDF special ignored!]

LaTeX Warning: Command \r invalid in math mode on input line 873.

<./biasing/steered/figure.pdf, id=153, 361.35pt x 216.81pt>
File: ./biasing/steered/figure.pdf Graphic file (type pdf)

<use ./biasing/steered/figure.pdf>
Package pdftex.def Info: ./biasing/steered/figure.pdf used on input line 878.
(pdftex.def)             Requested size: 284.52756pt x 170.71892pt.
Missing character: There is no Ê in font cmr12!

<./biasing/steered/work.pdf, id=154, 361.35pt x 216.81pt>
File: ./biasing/steered/work.pdf Graphic file (type pdf)

<use ./biasing/steered/work.pdf>
Package pdftex.def Info: ./biasing/steered/work.pdf used on input line 890.
(pdftex.def)             Requested size: 284.52756pt x 170.71892pt.

Overfull \hbox (10.13937pt too wide) in paragraph at lines 870--895
\OT1/cmtt/m/n/14.4 ./integrate.awk time=1 cv=2 constr=10 kappa=10000000.0
 []


Overfull \hbox (15.7111pt too wide) in paragraph at lines 870--895
\OT1/cmr/m/n/14.4 and plot work.dat with gnu-plot and the com-mand \OT1/cmtt/m/
n/14.4 p "./work.dat"
 []

[34
Non-PDF special ignored!
Non-PDF special ignored!
Non-PDF special ignored!
Non-PDF special ignored!
Non-PDF special ignored!
Non-PDF special ignored!
Non-PDF special ignored!] [35
Non-PDF special ignored!
Non-PDF special ignored!
Non-PDF special ignored!
Non-PDF special ignored!
Non-PDF special ignored!
Non-PDF special ignored!
Non-PDF special ignored!
Non-PDF special ignored!
Non-PDF special ignored!
Non-PDF special ignored!
Non-PDF special ignored!
Non-PDF special ignored!
Non-PDF special ignored! <./biasing/steered/figure.pdf>]
Underfull \hbox (badness 10000) in paragraph at lines 927--927

 []


Underfull \hbox (badness 10000) in paragraph at lines 927--927

 []

[36
Non-PDF special ignored!
Non-PDF special ignored!
Non-PDF special ignored!
Non-PDF special ignored!
Non-PDF special ignored!
Non-PDF special ignored!
Non-PDF special ignored! <./biasing/steered/work.pdf>]
<./biasing/steerplan/figure.pdf, id=174, 361.35pt x 216.81pt>
File: ./biasing/steerplan/figure.pdf Graphic file (type pdf)

<use ./biasing/steerplan/figure.pdf>
Package pdftex.def Info: ./biasing/steerplan/figure.pdf used on input line 951.

(pdftex.def)             Requested size: 284.52756pt x 170.71892pt.

Overfull \hbox (2.72939pt too wide) in paragraph at lines 945--956
\OT1/cmtt/m/n/14.4 "./COLVAR" u 2:3 t "CVs","" u 13:21 t "designed path"
 []

[37
Non-PDF special ignored!
Non-PDF special ignored!
Non-PDF special ignored!
Non-PDF special ignored!
Non-PDF special ignored!
Non-PDF special ignored!
Non-PDF special ignored!] [38
Non-PDF special ignored!
Non-PDF special ignored!
Non-PDF special ignored!
Non-PDF special ignored!
Non-PDF special ignored!
Non-PDF special ignored!
Non-PDF special ignored!
Non-PDF special ignored!
Non-PDF special ignored!
Non-PDF special ignored!
Non-PDF special ignored!
Non-PDF special ignored!
Non-PDF special ignored! <./biasing/steerplan/figure.pdf>]
Underfull \hbox (badness 10000) in paragraph at lines 989--989

 []


LaTeX Warning: Citation `Bolhuis:2000p8198' on page 39 undefined on input line 
1005.


LaTeX Warning: Citation `Maragliano:2006p6867' on page 39 undefined on input li
ne 1005.


LaTeX Warning: Citation `Ren:2005p5706' on page 39 undefined on input line 1005
.


LaTeX Warning: Citation `Peters:2010p15801' on page 39 undefined on input line 
1005.


LaTeX Warning: Citation `Peters:2006p660' on page 39 undefined on input line 10
05.


LaTeX Warning: Citation `Peters:2006p411' on page 39 undefined on input line 10
05.

[39
Non-PDF special ignored!
Non-PDF special ignored!
Non-PDF special ignored!
Non-PDF special ignored!]
Overfull \hbox (2.49292pt too wide) in paragraph at lines 1017--1018
[]\OT1/cmr/m/n/14.4 Postprocess the \OT1/cmtt/m/n/14.4 COLVAR \OT1/cmr/m/n/14.4
 file pro-duced by the \OT1/cmtt/m/n/14.4 driver \OT1/cmr/m/n/14.4 through
 []

[40
Non-PDF special ignored!
Non-PDF special ignored!
Non-PDF special ignored!
Non-PDF special ignored!
Non-PDF special ignored!
Non-PDF special ignored!
Non-PDF special ignored!
Non-PDF special ignored!
Non-PDF special ignored!
Non-PDF special ignored!
Non-PDF special ignored!
Non-PDF special ignored!
Non-PDF special ignored!]
<biasing/committor/committor.pdf, id=192, 361.35pt x 216.81pt>
File: biasing/committor/committor.pdf Graphic file (type pdf)

<use biasing/committor/committor.pdf>
Package pdftex.def Info: biasing/committor/committor.pdf used on input line 103
0.
(pdftex.def)             Requested size: 361.34912pt x 216.80946pt.
 [41
Non-PDF special ignored!
Non-PDF special ignored!
Non-PDF special ignored!
Non-PDF special ignored!
Non-PDF special ignored!
Non-PDF special ignored!
Non-PDF special ignored!
Non-PDF special ignored!
Non-PDF special ignored!
Non-PDF special ignored!
Non-PDF special ignored!
Non-PDF special ignored!
Non-PDF special ignored!]

LaTeX Warning: Citation `error' on page 42 undefined on input line 1066.

[42
Non-PDF special ignored!
Non-PDF special ignored!
Non-PDF special ignored!
Non-PDF special ignored!
Non-PDF special ignored!
Non-PDF special ignored!
Non-PDF special ignored! <./biasing/committor/committor.pdf>]
Overfull \hbox (121.2892pt too wide) in paragraph at lines 1100--1100
[]     \OT1/cmtt/m/n/14.4 1.000     -2.617548716      0.350000000      0.400000
000   0.000[] 
 []

[43
Non-PDF special ignored!
Non-PDF special ignored!
Non-PDF special ignored!
Non-PDF special ignored!]
Overfull \hbox (121.2892pt too wide) in paragraph at lines 1100--1100
[]     \OT1/cmtt/m/n/14.4 2.000     -2.718742869      0.350000000      0.400000
000   0.000[] 
 []


Overfull \hbox (121.2892pt too wide) in paragraph at lines 1100--1100
[]     \OT1/cmtt/m/n/14.4 3.000     -2.662313657      0.350000000      0.400000
000   0.000[] 
 []


Overfull \hbox (121.2892pt too wide) in paragraph at lines 1100--1100
[]     \OT1/cmtt/m/n/14.4 4.000     -2.378730722      0.350000000      0.400000
000   0.000[] 
 []


Overfull \hbox (121.2892pt too wide) in paragraph at lines 1100--1100
[]     \OT1/cmtt/m/n/14.4 5.000     -2.120031391      0.350000000      0.400000
000   0.000[] 
 []


Overfull \hbox (0.63019pt too wide) in paragraph at lines 1115--1117
\OT1/cmr/m/n/14.4 that we want to mon-i-tor dur-ing the sim-u-la-tion. A typ-i-
cal \OT1/cmtt/m/n/14.4 PLUMED
 []


Underfull \hbox (badness 10000) in paragraph at lines 1126--1126

 []

[44
Non-PDF special ignored!
Non-PDF special ignored!
Non-PDF special ignored!
Non-PDF special ignored!]
Overfull \hbox (62.0093pt too wide) in paragraph at lines 1139--1139
[]     \OT1/cmtt/m/n/14.4 0.000     -2.655726464      2.760989206      0.000000
000[] 
 []


Overfull \hbox (62.0093pt too wide) in paragraph at lines 1139--1139
[]     \OT1/cmtt/m/n/14.4 0.500     -2.492360677      1.370313209      0.000000
000[] 
 []


Overfull \hbox (62.0093pt too wide) in paragraph at lines 1139--1139
[]     \OT1/cmtt/m/n/14.4 1.000     -2.617548716     -0.807834974      0.400000
000[] 
 []


Overfull \hbox (62.0093pt too wide) in paragraph at lines 1139--1139
[]     \OT1/cmtt/m/n/14.4 1.500     -2.163294675      0.453630761      0.172299
337[] 
 []


Overfull \hbox (62.0093pt too wide) in paragraph at lines 1139--1139
[]     \OT1/cmtt/m/n/14.4 2.000     -2.718742869     -0.557066598      0.783627
027[] 
 []


Overfull \hbox (62.0093pt too wide) in paragraph at lines 1139--1139
[]     \OT1/cmtt/m/n/14.4 2.500     -2.743156519      0.246435084      0.774082
974[] 
 []


Overfull \hbox (62.0093pt too wide) in paragraph at lines 1139--1139
[]     \OT1/cmtt/m/n/14.4 3.000     -2.662313657      0.024026518      1.191579
452[] 
 []


Underfull \hbox (badness 10000) in paragraph at lines 1157--1157

 []

[45
Non-PDF special ignored!
Non-PDF special ignored!
Non-PDF special ignored!
Non-PDF special ignored!
Non-PDF special ignored!
Non-PDF special ignored!
Non-PDF special ignored!]

LaTeX Warning: Citation `bussi_noneq' on page 46 undefined on input line 1161.


Underfull \hbox (badness 10000) in paragraph at lines 1177--1177
\OT1/cmtt/m/n/8 plumed sum[]hills --hills HILLS --outfile fes.dat --idw cv1 cv2
 --kt 0.6 --bin 100 100
 []

[46
Non-PDF special ignored!
Non-PDF special ignored!
Non-PDF special ignored!
Non-PDF special ignored!
Non-PDF special ignored!
Non-PDF special ignored!
Non-PDF special ignored!]
LaTeX Font Info:    Try loading font information for OMS+cmtt on input line 120
7.
LaTeX Font Info:    No file OMScmtt.fd. on input line 1207.


LaTeX Font Warning: Font shape `OMS/cmtt/m/n' undefined
(Font)              using `OMS/cmsy/m/n' instead
(Font)              for symbol `textbraceleft' on input line 1207.


Underfull \hbox (badness 10000) in paragraph at lines 1207--1207
\OT1/cmtt/m/n/8 F=`awk 'BEGIN\OMS/cmtt/m/n/8 f\OT1/cmtt/m/n/8 tot=0\OMS/cmtt/m/
n/8 gf\OT1/cmtt/m/n/8 if(NF==2 && $1>2.0)tot=tot+exp(-$2/0.6)\OMS/cmtt/m/n/8 g\
OT1/cmtt/m/n/8 END\OMS/cmtt/m/n/8 f\OT1/cmtt/m/n/8 print -0.6*log(tot)\OMS/cmtt
/m/n/8 g\OT1/cmtt/m/n/8 '
 []


Underfull \hbox (badness 10000) in paragraph at lines 1207--1207
\OT1/cmtt/m/n/8 U=`awk 'BEGIN\OMS/cmtt/m/n/8 f\OT1/cmtt/m/n/8 tot=0\OMS/cmtt/m/
n/8 gf\OT1/cmtt/m/n/8 if(NF==2 && $1<=2.0)tot=tot+exp(-$2/0.6)\OMS/cmtt/m/n/8 g
\OT1/cmtt/m/n/8 END\OMS/cmtt/m/n/8 f\OT1/cmtt/m/n/8 print -0.6*log(tot)\OMS/cmt
t/m/n/8 g\OT1/cmtt/m/n/8 '
 []

<figures/convergence.pdf, id=218, 792.9625pt x 482.80376pt>
File: figures/convergence.pdf Graphic file (type pdf)

<use figures/convergence.pdf>
Package pdftex.def Info: figures/convergence.pdf used on input line 1211.
(pdftex.def)             Requested size: 390.0pt x 237.45995pt.


LaTeX Warning: `!h' float specifier changed to `!ht'.

[47
Non-PDF special ignored!
Non-PDF special ignored!
Non-PDF special ignored!
Non-PDF special ignored!] [48
Non-PDF special ignored!
Non-PDF special ignored!
Non-PDF special ignored!
Non-PDF special ignored!
Non-PDF special ignored!
Non-PDF special ignored!
Non-PDF special ignored! <./figures/convergence.pdf>] [49
Non-PDF special ignored!
Non-PDF special ignored!
Non-PDF special ignored!
Non-PDF special ignored!


Non-PDF special ignored!
Non-PDF special ignored!
Non-PDF special ignored!
Non-PDF special ignored!
Non-PDF special ignored!
Non-PDF special ignored!
Non-PDF special ignored!
Non-PDF special ignored!
Non-PDF special ignored!
Non-PDF special ignored!
Non-PDF special ignored!
Non-PDF special ignored!]
Overfull \hbox (128.69919pt too wide) in paragraph at lines 1280--1280
[]     \OT1/cmtt/m/n/14.4 1.000     -2.617548716      0.350000000      0.428571
429   15.000[] 
 []


Overfull \hbox (128.69919pt too wide) in paragraph at lines 1280--1280
[]     \OT1/cmtt/m/n/14.4 2.000     -2.718742869      0.350000000      0.423889
087   15.000[] 
 []


Overfull \hbox (128.69919pt too wide) in paragraph at lines 1280--1280
[]     \OT1/cmtt/m/n/14.4 3.000     -2.662247736      0.350000000      0.419017
741   15.000[] 
 []


Overfull \hbox (128.69919pt too wide) in paragraph at lines 1280--1280
[]     \OT1/cmtt/m/n/14.4 4.000     -2.380845469      0.350000000      0.418270
876   15.000[] 
 []


Overfull \hbox (128.69919pt too wide) in paragraph at lines 1280--1280
[]     \OT1/cmtt/m/n/14.4 5.000     -2.119639700      0.350000000      0.420668
977   15.000[] 
 []

[50
Non-PDF special ignored!
Non-PDF special ignored!
Non-PDF special ignored!
Non-PDF special ignored!]
Chapter 4.
[51
Non-PDF special ignored!
Non-PDF special ignored!
Non-PDF special ignored!
Non-PDF special ignored!


Non-PDF special ignored!
Non-PDF special ignored!
Non-PDF special ignored!
Non-PDF special ignored!
Non-PDF special ignored!
Non-PDF special ignored!]
Underfull \hbox (badness 10000) in paragraph at lines 1329--1329

 []


Underfull \hbox (badness 10000) in paragraph at lines 1339--1339

 []


Underfull \hbox (badness 10000) in paragraph at lines 1339--1339

 []

[52
Non-PDF special ignored!
Non-PDF special ignored!
Non-PDF special ignored!
Non-PDF special ignored!]

LaTeX Warning: Citation `multiplewalkers' on page 53 undefined on input line 13
52.


LaTeX Warning: Citation `bussi_noneq' on page 53 undefined on input line 1358.

[53
Non-PDF special ignored!
Non-PDF special ignored!
Non-PDF special ignored!
Non-PDF special ignored!
Non-PDF special ignored!
Non-PDF special ignored!
Non-PDF special ignored!]
Overfull \hbox (28.94434pt too wide) in paragraph at lines 1366--1378
[]\OT1/cmr/m/n/14.4 As a first test, run the \OT1/cmtt/m/n/14.4 ala3 \OT1/cmr/m
/n/14.4 sys-tem with the fol-low-ing \OT1/cmtt/m/n/14.4 plumed.dat\OT1/cmr/m/n/
14.4 :
 []


Underfull \hbox (badness 10000) in paragraph at lines 1378--1378

 []


Underfull \hbox (badness 10000) in paragraph at lines 1378--1378

 []


Underfull \hbox (badness 4193) in paragraph at lines 1378--1378
\OT1/phv/m/n/8 mtd: METAD ARG=phi,psi SIGMA=0.35,0.35 HEIGHT=0.25 PACE=100 TEMP
=300 BI-AS-FAC-
 []


Underfull \hbox (badness 10000) in paragraph at lines 1378--1378

 []


Underfull \hbox (badness 10000) in paragraph at lines 1378--1378

 []


Underfull \hbox (badness 10000) in paragraph at lines 1378--1378

 []


Underfull \hbox (badness 10000) in paragraph at lines 1378--1378

 []


Underfull \hbox (badness 10000) in paragraph at lines 1403--1403

 []


Underfull \hbox (badness 10000) in paragraph at lines 1403--1403

 []


Underfull \hbox (badness 10000) in paragraph at lines 1403--1403

 []


Underfull \hbox (badness 10000) in paragraph at lines 1403--1403

 []


Underfull \hbox (badness 10000) in paragraph at lines 1413--1413

 []

[54
Non-PDF special ignored!
Non-PDF special ignored!
Non-PDF special ignored!
Non-PDF special ignored!]
Overfull \hbox (19.47534pt too wide) in paragraph at lines 1415--1428
\OT1/cmr/m/n/14.4 num-ber. The file will be placed in the up-per di-rec-tory (\
OT1/cmtt/m/n/14.4 WALKERS[]DIR
 []


Underfull \hbox (badness 10000) in paragraph at lines 1437--1437

 []

[55
Non-PDF special ignored!
Non-PDF special ignored!
Non-PDF special ignored!
Non-PDF special ignored!]
Underfull \hbox (badness 10000) in paragraph at lines 1475--1475

 []


Underfull \hbox (badness 10000) in paragraph at lines 1475--1475

 []


Underfull \hbox (badness 10000) in paragraph at lines 1475--1475

 []


Underfull \hbox (badness 10000) in paragraph at lines 1475--1475

 []


Underfull \hbox (badness 10000) in paragraph at lines 1475--1475

 []

<./figures/metae2e.pdf, id=260, 794.97pt x 614.295pt>
File: ./figures/metae2e.pdf Graphic file (type pdf)

<use ./figures/metae2e.pdf>
Package pdftex.def Info: ./figures/metae2e.pdf used on input line 1479.
(pdftex.def)             Requested size: 341.43306pt x 263.84175pt.
 [56
Non-PDF special ignored!
Non-PDF special ignored!
Non-PDF special ignored!
Non-PDF special ignored!
Non-PDF special ignored!
Non-PDF special ignored!
Non-PDF special ignored!] [57
Non-PDF special ignored!
Non-PDF special ignored!
Non-PDF special ignored!
Non-PDF special ignored!
Non-PDF special ignored!
Non-PDF special ignored!
Non-PDF special ignored!
Non-PDF special ignored!
Non-PDF special ignored!
Non-PDF special ignored!
Non-PDF special ignored!
Non-PDF special ignored!
Non-PDF special ignored! <./figures/metae2e.pdf>]
Underfull \hbox (badness 10000) in paragraph at lines 1525--1525

 []


Underfull \hbox (badness 10000) in paragraph at lines 1525--1525

 []


Underfull \hbox (badness 10000) in paragraph at lines 1535--1535

 []

[58
Non-PDF special ignored!
Non-PDF special ignored!
Non-PDF special ignored!
Non-PDF special ignored!]

LaTeX Warning: Citation `bussi_xc' on page 59 undefined on input line 1548.


Overfull \hbox (23.3859pt too wide) detected at line 1559
$ []\OML/cmm/m/it/14.4 P \OT1/cmr/m/n/14.4 = [] [][][]$ []
 []

[59
Non-PDF special ignored!
Non-PDF special ignored!
Non-PDF special ignored!
Non-PDF special ignored!
Non-PDF special ignored!
Non-PDF special ignored!
Non-PDF special ignored!
Non-PDF special ignored!
Non-PDF special ignored!
Non-PDF special ignored!]
<./figures/ptmetae2e.pdf, id=276, 794.97pt x 614.295pt>
File: ./figures/ptmetae2e.pdf Graphic file (type pdf)

<use ./figures/ptmetae2e.pdf>
Package pdftex.def Info: ./figures/ptmetae2e.pdf used on input line 1578.
(pdftex.def)             Requested size: 341.43306pt x 263.84175pt.


LaTeX Warning: `h' float specifier changed to `ht'.


LaTeX Warning: Citation `piana' on page 60 undefined on input line 1601.


LaTeX Warning: Citation `cossio10jpcb' on page 60 undefined on input line 1601.


<./figures/be-scheme.pdf, id=277, 329.5773pt x 186.12837pt>
File: ./figures/be-scheme.pdf Graphic file (type pdf)

<use ./figures/be-scheme.pdf>
Package pdftex.def Info: ./figures/be-scheme.pdf used on input line 1609.
(pdftex.def)             Requested size: 256.0748pt x 144.62286pt.
 [60
Non-PDF special ignored!
Non-PDF special ignored!
Non-PDF special ignored!
Non-PDF special ignored!
Non-PDF special ignored!
Non-PDF special ignored!
Non-PDF special ignored!] [61
Non-PDF special ignored!
Non-PDF special ignored!
Non-PDF special ignored!
Non-PDF special ignored!
Non-PDF special ignored!
Non-PDF special ignored!
Non-PDF special ignored! <./figures/ptmetae2e.pdf>]
Overfull \hbox (26.40877pt too wide) in alignment at lines 1619--1621
 [][][] []
 []

<./figures/ala3-dihedrals.pdf, id=288, 289.66519pt x 190.08014pt>
File: ./figures/ala3-dihedrals.pdf Graphic file (type pdf)

<use ./figures/ala3-dihedrals.pdf>
Package pdftex.def Info: ./figures/ala3-dihedrals.pdf used on input line 1641.
(pdftex.def)             Requested size: 256.0748pt x 168.04253pt.
 [62
Non-PDF special ignored!
Non-PDF special ignored!
Non-PDF special ignored!
Non-PDF special ignored!
Non-PDF special ignored!
Non-PDF special ignored!
Non-PDF special ignored!
Non-PDF special ignored!
Non-PDF special ignored!
Non-PDF special ignored!
Non-PDF special ignored!
Non-PDF special ignored!
Non-PDF special ignored! <./figures/be-scheme.pdf>]
Underfull \hbox (badness 10000) in paragraph at lines 1665--1665

 []


Underfull \hbox (badness 10000) in paragraph at lines 1665--1665

 []


Underfull \hbox (badness 10000) in paragraph at lines 1674--1674

 []


Underfull \hbox (badness 10000) in paragraph at lines 1674--1674

 []

[63
Non-PDF special ignored!
Non-PDF special ignored!
Non-PDF special ignored!
Non-PDF special ignored!
Non-PDF special ignored!
Non-PDF special ignored!
Non-PDF special ignored!
Non-PDF special ignored!
Non-PDF special ignored!
Non-PDF special ignored! <./figures/ala3-dihedrals.pdf>]
Underfull \hbox (badness 10000) in paragraph at lines 1683--1683

 []


Underfull \hbox (badness 10000) in paragraph at lines 1683--1683

 []


Underfull \hbox (badness 10000) in paragraph at lines 1692--1692

 []


Underfull \hbox (badness 10000) in paragraph at lines 1692--1692

 []


Underfull \hbox (badness 10000) in paragraph at lines 1701--1701

 []


Underfull \hbox (badness 10000) in paragraph at lines 1701--1701

 []

[64
Non-PDF special ignored!
Non-PDF special ignored!
Non-PDF special ignored!
Non-PDF special ignored!]

LaTeX Warning: Citation `cossio10jpcb' on page 65 undefined on input line 1718.



Overfull \hbox (16.32256pt too wide) in paragraph at lines 1713--1719
\OT1/cmr/m/n/14.4 where \OT1/cmtt/m/n/14.4 -replex 5000 \OT1/cmr/m/n/14.4 in-di
-cates that ev-ery 5000 molecular-dynamics
 []


Overfull \hbox (1.03508pt too wide) in paragraph at lines 1722--1734
\OT1/cmr/m/n/14.4 The con-ver-gence of the one-dimensional free-energy pro-file
s (par-
 []


Underfull \hbox (badness 10000) in paragraph at lines 1734--1734

 []

[65
Non-PDF special ignored!
Non-PDF special ignored!
Non-PDF special ignored!
Non-PDF special ignored!
Non-PDF special ignored!
Non-PDF special ignored!
Non-PDF special ignored!]

LaTeX Warning: Citation `gerv-laio09review' on page 66 undefined on input line 
1743.


LaTeX Warning: Citation `marinell-crespo10' on page 66 undefined on input line 
1743.

<./figures/be-validation.pdf, id=310, 794.97pt x 614.295pt>
File: ./figures/be-validation.pdf Graphic file (type pdf)

<use ./figures/be-validation.pdf>
Package pdftex.def Info: ./figures/be-validation.pdf used on input line 1759.
(pdftex.def)             Requested size: 398.33858pt x 307.81224pt.

Overfull \hbox (8.33858pt too wide) in paragraph at lines 1759--1761
 [] 
 []

[66
Non-PDF special ignored!
Non-PDF special ignored!
Non-PDF special ignored!
Non-PDF special ignored!
Non-PDF special ignored!
Non-PDF special ignored!
Non-PDF special ignored!
Non-PDF special ignored!
Non-PDF special ignored!
Non-PDF special ignored!] [67
Non-PDF special ignored!
Non-PDF special ignored!
Non-PDF special ignored!
Non-PDF special ignored!
Non-PDF special ignored!
Non-PDF special ignored!
Non-PDF special ignored! <./figures/be-validation.pdf, page is rotated 90 degre
es>] [68
Non-PDF special ignored!
Non-PDF special ignored!
Non-PDF special ignored!
Non-PDF special ignored!
Non-PDF special ignored!
Non-PDF special ignored!
Non-PDF special ignored!]
Chapter 5.

LaTeX Warning: Citation `Juraszek:2007p15828' on page 69 undefined on input lin
e 1796.

[69
Non-PDF special ignored!
Non-PDF special ignored!
Non-PDF special ignored!
Non-PDF special ignored!


Non-PDF special ignored!
Non-PDF special ignored!
Non-PDF special ignored!
Non-PDF special ignored!
Non-PDF special ignored!
Non-PDF special ignored!] [70
Non-PDF special ignored!
Non-PDF special ignored!
Non-PDF special ignored!
Non-PDF special ignored!
Non-PDF special ignored!
Non-PDF special ignored!
Non-PDF special ignored!
Non-PDF special ignored!
Non-PDF special ignored!
Non-PDF special ignored!]
Overfull \hbox (10.55225pt too wide) in alignment at lines 1847--1849
 [][][] []
 []


Overfull \hbox (40.43565pt too wide) in alignment at lines 1861--1863
 [][][] []
 []

[71
Non-PDF special ignored!
Non-PDF special ignored!
Non-PDF special ignored!
Non-PDF special ignored!
Non-PDF special ignored!
Non-PDF special ignored!
Non-PDF special ignored!
Non-PDF special ignored!
Non-PDF special ignored!
Non-PDF special ignored!]
Overfull \hbox (93.38881pt too wide) detected at line 1899
$ []\OMS/cmsy/m/n/14.4 j\OT1/cmr/bx/n/14.4 ^^B[]\OT1/cmr/m/n/14.4 (\OML/cmm/m/i
t/14.4 i\OT1/cmr/m/n/14.4 ) \OMS/cmsy/m/n/14.4 ^^@ \OT1/cmr/bx/n/14.4 ^^B[]\OT1
/cmr/m/n/14.4 (\OML/cmm/m/it/14.4 i \OT1/cmr/m/n/14.4 + 1)\OMS/cmsy/m/n/14.4 j 
\OT1/cmr/m/n/14.4 = \OMS/cmsy/m/n/14.4 j\OT1/cmr/bx/n/14.4 ^^B[]\OT1/cmr/m/n/14
.4 (\OML/cmm/m/it/14.4 i\OT1/cmr/m/n/14.4 ) \OMS/cmsy/m/n/14.4 ^^@ \OT1/cmr/bx/
n/14.4 ^^B[]\OT1/cmr/m/n/14.4 (\OML/cmm/m/it/14.4 i \OMS/cmsy/m/n/14.4 ^^@ \OT1
/cmr/m/n/14.4 1)\OMS/cmsy/m/n/14.4 j \OML/cmm/m/it/14.4 < \OMS/cmsy/m/n/14.4 j\
OT1/cmr/bx/n/14.4 ^^B[]\OT1/cmr/m/n/14.4 (\OML/cmm/m/it/14.4 i\OT1/cmr/m/n/14.4
 ) \OMS/cmsy/m/n/14.4 ^^@ \OT1/cmr/bx/n/14.4 ^^B[]\OT1/cmr/m/n/14.4 (\OML/cmm/m
/it/14.4 j\OT1/cmr/m/n/14.4 )\OMS/cmsy/m/n/14.4 j[][]$ []
 []

<./path/badparam.pdf, id=335, 361.35pt x 216.81pt>
File: ./path/badparam.pdf Graphic file (type pdf)
 <use ./path/badparam.pdf>
Package pdftex.def Info: ./path/badparam.pdf used on input line 1927.
(pdftex.def)             Requested size: 199.16928pt x 119.5006pt.

<./path/goodparam.pdf, id=336, 361.35pt x 216.81pt>
File: ./path/goodparam.pdf Graphic file (type pdf)
 <use ./path/goodparam.pdf>
Package pdftex.def Info: ./path/goodparam.pdf used on input line 1927.
(pdftex.def)             Requested size: 199.16928pt x 119.5006pt.

Overfull \hbox (32.33858pt too wide) in paragraph at lines 1908--1947
[]
 []

[72
Non-PDF special ignored!
Non-PDF special ignored!
Non-PDF special ignored!
Non-PDF special ignored!
Non-PDF special ignored!
Non-PDF special ignored!
Non-PDF special ignored!
Non-PDF special ignored!
Non-PDF special ignored!
Non-PDF special ignored!
Non-PDF special ignored!
Non-PDF special ignored!
Non-PDF special ignored!
Non-PDF special ignored!
Non-PDF special ignored!
Non-PDF special ignored!]

LaTeX Warning: Citation `Maragliano:2006p6867' on page 73 undefined on input li
ne 1949.

[73
Non-PDF special ignored!
Non-PDF special ignored!
Non-PDF special ignored!
Non-PDF special ignored!
Non-PDF special ignored!
Non-PDF special ignored!
Non-PDF special ignored!
Non-PDF special ignored!
Non-PDF special ignored!
Non-PDF special ignored! <./path/badparam.pdf> <./path/goodparam.pdf>]

LaTeX Warning: Citation `kearsley' on page 74 undefined on input line 1963.


LaTeX Warning: Citation `Maragliano:2006p6867' on page 74 undefined on input li
ne 1977.

<./path/umbrella_sampling/rama_paths.pdf, id=352, 361.35pt x 216.81pt>
File: ./path/umbrella_sampling/rama_paths.pdf Graphic file (type pdf)

<use ./path/umbrella_sampling/rama_paths.pdf>
Package pdftex.def Info: ./path/umbrella_sampling/rama_paths.pdf used on input 
line 1995.
(pdftex.def)             Requested size: 390.0pt x 234.00243pt.
 [74
Non-PDF special ignored!
Non-PDF special ignored!
Non-PDF special ignored!
Non-PDF special ignored!
Non-PDF special ignored!
Non-PDF special ignored!
Non-PDF special ignored!] [75
Non-PDF special ignored!
Non-PDF special ignored!
Non-PDF special ignored!
Non-PDF special ignored!
Non-PDF special ignored!
Non-PDF special ignored!
Non-PDF special ignored!
Non-PDF special ignored!
Non-PDF special ignored!
Non-PDF special ignored! <./path/umbrella_sampling/rama_paths.pdf>]
Underfull \hbox (badness 10000) in paragraph at lines 2023--2023

 []

[76
Non-PDF special ignored!
Non-PDF special ignored!
Non-PDF special ignored!
Non-PDF special ignored!
Non-PDF special ignored!
Non-PDF special ignored!
Non-PDF special ignored!] [77
Non-PDF special ignored!
Non-PDF special ignored!
Non-PDF special ignored!
Non-PDF special ignored!
Non-PDF special ignored!
Non-PDF special ignored!
Non-PDF special ignored!]
<./path/colvar1_wrong.pdf, id=369, 361.35pt x 216.81pt>
File: ./path/colvar1_wrong.pdf Graphic file (type pdf)

<use ./path/colvar1_wrong.pdf>
Package pdftex.def Info: ./path/colvar1_wrong.pdf used on input line 2052.
(pdftex.def)             Requested size: 284.52756pt x 170.71892pt.
 [78
Non-PDF special ignored!
Non-PDF special ignored!
Non-PDF special ignored!
Non-PDF special ignored!
Non-PDF special ignored!
Non-PDF special ignored!
Non-PDF special ignored!] [79
Non-PDF special ignored!
Non-PDF special ignored!
Non-PDF special ignored!
Non-PDF special ignored!
Non-PDF special ignored!
Non-PDF special ignored!
Non-PDF special ignored! <./path/colvar1_wrong.pdf>]
<./path/colvar1_good.pdf, id=381, 361.35pt x 216.81pt>
File: ./path/colvar1_good.pdf Graphic file (type pdf)

<use ./path/colvar1_good.pdf>
Package pdftex.def Info: ./path/colvar1_good.pdf used on input line 2072.
(pdftex.def)             Requested size: 284.52756pt x 170.71892pt.
 [80
Non-PDF special ignored!
Non-PDF special ignored!
Non-PDF special ignored!
Non-PDF special ignored!
Non-PDF special ignored!
Non-PDF special ignored!
Non-PDF special ignored!
Non-PDF special ignored!
Non-PDF special ignored!
Non-PDF special ignored!
Non-PDF special ignored!
Non-PDF special ignored!
Non-PDF special ignored!] [81
Non-PDF special ignored!
Non-PDF special ignored!
Non-PDF special ignored!
Non-PDF special ignored!
Non-PDF special ignored!
Non-PDF special ignored!
Non-PDF special ignored!
Non-PDF special ignored!
Non-PDF special ignored!
Non-PDF special ignored! <./path/colvar1_good.pdf>]
Underfull \hbox (badness 10000) in paragraph at lines 2111--2111
\OT1/cmtt/m/n/8 # the two path variables: metadynamics only on S[]PATH, the oth
er is just for
 []


Underfull \hbox (badness 10000) in paragraph at lines 2111--2111
\OT1/cmtt/m/n/8 # A wall over Z can be useful to limit the orthogonal explorati
on and speed up
 []


Underfull \hbox (badness 10000) in paragraph at lines 2111--2111

 []


LaTeX Warning: Citation `Bo.Bra:08' on page 82 undefined on input line 2119.

[82
Non-PDF special ignored!
Non-PDF special ignored!
Non-PDF special ignored!
Non-PDF special ignored!
Non-PDF special ignored!
Non-PDF special ignored!
Non-PDF special ignored!]

LaTeX Warning: Citation `neb0' on page 83 undefined on input line 2154.


LaTeX Warning: Citation `neb1' on page 83 undefined on input line 2154.


LaTeX Warning: Citation `neb2' on page 83 undefined on input line 2154.

[83
Non-PDF special ignored!
Non-PDF special ignored!
Non-PDF special ignored!
Non-PDF special ignored!
Non-PDF special ignored!
Non-PDF special ignored!
Non-PDF special ignored!]

LaTeX Warning: Citation `ftstringmethod' on page 84 undefined on input line 217
0.


LaTeX Warning: Citation `dialastringmethod' on page 84 undefined on input line 
2170.


LaTeX Warning: Citation `maragliano' on page 84 undefined on input line 2170.

[84
Non-PDF special ignored!
Non-PDF special ignored!
Non-PDF special ignored!
Non-PDF special ignored!]

LaTeX Warning: Citation `maragliano' on page 85 undefined on input line 2182.


LaTeX Warning: Citation `neb0' on page 85 undefined on input line 2183.


LaTeX Warning: Citation `neb1' on page 85 undefined on input line 2183.


LaTeX Warning: Citation `neb2' on page 85 undefined on input line 2183.


LaTeX Warning: Citation `brand07' on page 85 undefined on input line 2185.

[85
Non-PDF special ignored!
Non-PDF special ignored!
Non-PDF special ignored!
Non-PDF special ignored!
Non-PDF special ignored!
Non-PDF special ignored!
Non-PDF special ignored!
Non-PDF special ignored!
Non-PDF special ignored!
Non-PDF special ignored!]
<./figures/secstr.pdf, id=405, 599.87915pt x 276.22897pt>
File: ./figures/secstr.pdf Graphic file (type pdf)

<use ./figures/secstr.pdf>
Package pdftex.def Info: ./figures/secstr.pdf used on input line 2216.
(pdftex.def)             Requested size: 369.88582pt x 170.32025pt.


LaTeX Warning: Citation `piana' on page 86 undefined on input line 2227.


LaTeX Warning: Citation `piana08villin' on page 86 undefined on input line 2227
.


LaTeX Warning: Citation `todorova09' on page 86 undefined on input line 2227.

[86
Non-PDF special ignored!
Non-PDF special ignored!
Non-PDF special ignored!
Non-PDF special ignored!
Non-PDF special ignored!
Non-PDF special ignored!
Non-PDF special ignored!]
Underfull \hbox (badness 10000) in paragraph at lines 2266--2266

 []


Underfull \hbox (badness 10000) in paragraph at lines 2266--2266

 []


Underfull \hbox (badness 10000) in paragraph at lines 2266--2266

 []

[87
Non-PDF special ignored!
Non-PDF special ignored!
Non-PDF special ignored!
Non-PDF special ignored!
Non-PDF special ignored!
Non-PDF special ignored!
Non-PDF special ignored! <./figures/secstr.pdf>]

LaTeX Warning: Citation `pietrucci09jctc' on page 88 undefined on input line 22
72.


LaTeX Warning: Citation `pietrucci09jctc' on page 88 undefined on input line 22
75.


Underfull \hbox (badness 10000) in paragraph at lines 2317--2317

 []


Underfull \hbox (badness 10000) in paragraph at lines 2317--2317

 []


Underfull \hbox (badness 10000) in paragraph at lines 2317--2317

 []


Underfull \hbox (badness 10000) in paragraph at lines 2317--2317
\OT1/cmtt/m/n/8 ALPHARMSD LIST <secstr> SIGMA 0.3 R[]0 0.08 NN 8 MM 12 ANGSTROM
[]SCALE 0.1 STRANDS[]CUTOFF
 []


Underfull \hbox (badness 10000) in paragraph at lines 2317--2317

 []


Underfull \hbox (badness 10000) in paragraph at lines 2317--2317
\OT1/cmtt/m/n/8 ANTIBETARMSD LIST <secstr> SIGMA 0.3 R[]0 0.08 NN 8 MM 12 ANGST
ROM[]SCALE 0.1
 []


Underfull \hbox (badness 10000) in paragraph at lines 2317--2317

 []


Underfull \hbox (badness 10000) in paragraph at lines 2317--2317

 []

[88
Non-PDF special ignored!
Non-PDF special ignored!
Non-PDF special ignored!
Non-PDF special ignored!
Non-PDF special ignored!
Non-PDF special ignored!
Non-PDF special ignored!] [89
Non-PDF special ignored!
Non-PDF special ignored!
Non-PDF special ignored!
Non-PDF special ignored!] [90
Non-PDF special ignored!
Non-PDF special ignored!
Non-PDF special ignored!
Non-PDF special ignored!
Non-PDF special ignored!
Non-PDF special ignored!
Non-PDF special ignored!
Non-PDF special ignored!
Non-PDF special ignored!
Non-PDF special ignored!] [91
Non-PDF special ignored!
Non-PDF special ignored!
Non-PDF special ignored!
Non-PDF special ignored!]

LaTeX Warning: Citation `Bonomi:2009p17105' on page 92 undefined on input line 
2407.

[92
Non-PDF special ignored!
Non-PDF special ignored!
Non-PDF special ignored!
Non-PDF special ignored!
Non-PDF special ignored!
Non-PDF special ignored!
Non-PDF special ignored!
Non-PDF special ignored!
Non-PDF special ignored!
Non-PDF special ignored!
Non-PDF special ignored!
Non-PDF special ignored!
Non-PDF special ignored!
Non-PDF special ignored!
Non-PDF special ignored!
Non-PDF special ignored!]
Overfull \hbox (22.71349pt too wide) in paragraph at lines 2416--2418
\OT1/cmr/m/n/14.4 where $\OML/cmm/m/it/14.4 P\OT1/cmr/m/n/14.4 (\OML/cmm/b/it/1
4.4 R\OML/cmm/m/it/14.4 ; t\OT1/cmr/m/n/14.4 )$ is the bi-ased prob-a-bil-ity d
is-tri-bu-tion, $[](\OML/cmm/b/it/14.4 S\OT1/cmr/m/n/14.4 (\OML/cmm/b/it/14.4 R
\OT1/cmr/m/n/14.4 )\OML/cmm/m/it/14.4 ; t\OT1/cmr/m/n/14.4 )$
 []


Underfull \hbox (badness 10000) in paragraph at lines 2451--2451

 []


Underfull \hbox (badness 10000) in paragraph at lines 2451--2451
[]\OT1/cmtt/m/n/8 reweight -colvar COLVAR -hills HILLS -ncv 2 -nvar 3 -stride 1
 -fes 3 -temp 300
 []

[93
Non-PDF special ignored!
Non-PDF special ignored!
Non-PDF special ignored!
Non-PDF special ignored!
Non-PDF special ignored!
Non-PDF special ignored!
Non-PDF special ignored!
Non-PDF special ignored!
Non-PDF special ignored!
Non-PDF special ignored!
Non-PDF special ignored!
Non-PDF special ignored!
Non-PDF special ignored!]
Overfull \hbox (11.44122pt too wide) in paragraph at lines 2470--2470
[]\OT1/cmr/bx/n/14.4 Weighted-histogram anal-y-sis of bias-exchange sim-
 []


LaTeX Warning: Citation `marinelli-trpc09' on page 94 undefined on input line 2
479.

[94
Non-PDF special ignored!
Non-PDF special ignored!
Non-PDF special ignored!
Non-PDF special ignored!
Non-PDF special ignored!
Non-PDF special ignored!
Non-PDF special ignored!
Non-PDF special ignored!
Non-PDF special ignored!
Non-PDF special ignored!
Non-PDF special ignored!
Non-PDF special ignored!
Non-PDF special ignored!
Non-PDF special ignored!
Non-PDF special ignored!
Non-PDF special ignored!]
Overfull \hbox (19.42667pt too wide) in alignment at lines 2500--2503
 [][][] []
 []


LaTeX Warning: Citation `marinelli-trpc09' on page 95 undefined on input line 2
509.

<./figures/bewham-scheme.pdf, id=440, 182.57208pt x 85.75348pt>
File: ./figures/bewham-scheme.pdf Graphic file (type pdf)

<use ./figures/bewham-scheme.pdf>
Package pdftex.def Info: ./figures/bewham-scheme.pdf used on input line 2516.
(pdftex.def)             Requested size: 312.9803pt x 147.01285pt.

Overfull \hbox (20.4392pt too wide) in paragraph at lines 2507--2521
\OT1/cmr/m/n/14.4 correlated and the shift con-stants $\OML/cmm/m/it/14.4 f[]$ 
\OT1/cmr/m/n/14.4 are de-ter-mined self-consistently
 []

[95
Non-PDF special ignored!
Non-PDF special ignored!
Non-PDF special ignored!
Non-PDF special ignored!
Non-PDF special ignored!
Non-PDF special ignored!
Non-PDF special ignored!
Non-PDF special ignored!
Non-PDF special ignored!
Non-PDF special ignored!
Non-PDF special ignored!
Non-PDF special ignored!
Non-PDF special ignored!
Non-PDF special ignored!
Non-PDF special ignored!
Non-PDF special ignored!
Non-PDF special ignored!
Non-PDF special ignored!
Non-PDF special ignored!] [96
Non-PDF special ignored!
Non-PDF special ignored!
Non-PDF special ignored!
Non-PDF special ignored!
Non-PDF special ignored!
Non-PDF special ignored!
Non-PDF special ignored!
Non-PDF special ignored!
Non-PDF special ignored!
Non-PDF special ignored!
Non-PDF special ignored!
Non-PDF special ignored!
Non-PDF special ignored! <./figures/bewham-scheme.pdf>]
Underfull \hbox (badness 10000) in paragraph at lines 2559--2559

 []

[97
Non-PDF special ignored!
Non-PDF special ignored!
Non-PDF special ignored!
Non-PDF special ignored!]
<./figures/bewham_gui.pdf, id=458, 446.94579pt x 313.37575pt>
File: ./figures/bewham_gui.pdf Graphic file (type pdf)

<use ./figures/bewham_gui.pdf>
Package pdftex.def Info: ./figures/bewham_gui.pdf used on input line 2581.
(pdftex.def)             Requested size: 398.33858pt x 279.29562pt.

Overfull \hbox (8.33858pt too wide) in paragraph at lines 2581--2582
 [] 
 []

[98
Non-PDF special ignored!
Non-PDF special ignored!
Non-PDF special ignored!
Non-PDF special ignored!
Non-PDF special ignored!
Non-PDF special ignored!
Non-PDF special ignored!
Non-PDF special ignored!
Non-PDF special ignored!
Non-PDF special ignored! <./figures/bewham_gui.pdf>]
Underfull \hbox (badness 10000) in paragraph at lines 2602--2602

 []


Overfull \hbox (46.27791pt too wide) in paragraph at lines 2617--2623
\OT1/cmr/m/n/14.4 Fig. [][][][]), in file \OT1/cmtt/m/n/14.4 EQUIL[]CLUSTERS.FE
S\OT1/cmr/m/n/14.4 . The script \OT1/cmtt/m/n/14.4 compare[]clusters.sh
 []


Overfull \hbox (42.1012pt too wide) in paragraph at lines 2617--2623
\OT1/cmr/m/n/14.4 good sam-pling, therefe-ore the agree-ment be-tween \OT1/cmtt
/m/n/14.4 EQUIL[]CLUSTERS.FES
 []

[99
Non-PDF special ignored!
Non-PDF special ignored!
Non-PDF special ignored!
Non-PDF special ignored!
Non-PDF special ignored!
Non-PDF special ignored!
Non-PDF special ignored!
Non-PDF special ignored!
Non-PDF special ignored!
Non-PDF special ignored!] [100
Non-PDF special ignored!
Non-PDF special ignored!
Non-PDF special ignored!
Non-PDF special ignored!]
Chapter 6.
[101
Non-PDF special ignored!
Non-PDF special ignored!
Non-PDF special ignored!
Non-PDF special ignored!


Non-PDF special ignored!
Non-PDF special ignored!
Non-PDF special ignored!
Non-PDF special ignored!
Non-PDF special ignored!
Non-PDF special ignored!]
Overfull \hbox (72.70442pt too wide) in paragraph at lines 2699--2701
\OT1/cmr/m/n/14.4 have to set the proper calls to \OT1/cmtt/m/n/14.4 mtd[]data[
]init \OT1/cmr/m/n/14.4 and \OT1/cmtt/m/n/14.4 meta[]force[]calculation\OT1/cmr
/m/n/14.4 . 
 []


Underfull \hbox (badness 10000) in paragraph at lines 2709--2709

 []

[102
Non-PDF special ignored!
Non-PDF special ignored!
Non-PDF special ignored!
Non-PDF special ignored!] [103
Non-PDF special ignored!
Non-PDF special ignored!
Non-PDF special ignored!
Non-PDF special ignored!
Non-PDF special ignored!
Non-PDF special ignored!
Non-PDF special ignored!]
Overfull \hbox (42.68115pt too wide) in paragraph at lines 2752--2754
\OT1/cmr/m/n/14.4 The first im-por-tant rou-tine that must be de-fined in \OT1/
cmtt/m/n/14.4 restraint[]newCV.c
 []


Underfull \hbox (badness 10000) in paragraph at lines 2755--2760

 []


Underfull \hbox (badness 10000) in paragraph at lines 2761--2766

 []

[104
Non-PDF special ignored!
Non-PDF special ignored!
Non-PDF special ignored!
Non-PDF special ignored!
Non-PDF special ignored!
Non-PDF special ignored!
Non-PDF special ignored!
Non-PDF special ignored!
Non-PDF special ignored!
Non-PDF special ignored!
Non-PDF special ignored!
Non-PDF special ignored!
Non-PDF special ignored!
Non-PDF special ignored!
Non-PDF special ignored!
Non-PDF special ignored!
Non-PDF special ignored!
Non-PDF special ignored!
Non-PDF special ignored!]
Overfull \hbox (48.37491pt too wide) in paragraph at lines 2767--2770
\OT1/cmtt/m/n/14.4 int read[]angle (char **word,int count,t[]plumed[]input *inp
ut,
 []


Underfull \hbox (badness 10000) in paragraph at lines 2767--2770

 []


Underfull \hbox (badness 10000) in paragraph at lines 2779--2787

 []


Overfull \hbox (3.91498pt too wide) in paragraph at lines 2788--2791
\OT1/cmtt/m/n/14.4 int read[]rmsdtor (char **word,int count,t[]plumed[]input
 []


Underfull \hbox (badness 10000) in paragraph at lines 2788--2791

 []

[105
Non-PDF special ignored!
Non-PDF special ignored!
Non-PDF special ignored!
Non-PDF special ignored!]
Underfull \hbox (badness 10000) in paragraph at lines 2828--2828

 []


Underfull \hbox (badness 10000) in paragraph at lines 2828--2828

 []


Underfull \hbox (badness 10000) in paragraph at lines 2828--2828

 []


Underfull \hbox (badness 10000) in paragraph at lines 2828--2828

 []


Underfull \hbox (badness 10000) in paragraph at lines 2828--2828

 []

[106
Non-PDF special ignored!
Non-PDF special ignored!
Non-PDF special ignored!
Non-PDF special ignored!]
Overfull \hbox (66.96417pt too wide) in paragraph at lines 2844--2848
\OT1/cmr/m/n/14.4 The sec-ond im-por-tant rou-tine that must be in-cluded in \O
T1/cmtt/m/n/14.4 restraint[]newCV.c
 []


Overfull \hbox (18.38297pt too wide) in paragraph at lines 2851--2852
[]\OT1/cmr/m/n/14.4 The vari-ables that ap-pear in the dec-la-ra-tion of \OT1/c
mtt/m/n/14.4 newCV[]restraint
 []


Overfull \hbox (12.21724pt too wide) in paragraph at lines 2859--2863
[]\OT1/cmr/m/n/14.4 The rou-tine \OT1/cmtt/m/n/14.4 newCV[]restraint \OT1/cmr/m
/n/14.4 uses the in-for-ma-tion in \OT1/cmtt/m/n/14.4 mtd[]data
 []

[107
Non-PDF special ignored!
Non-PDF special ignored!
Non-PDF special ignored!
Non-PDF special ignored!
Non-PDF special ignored!
Non-PDF special ignored!
Non-PDF special ignored!]
Overfull \hbox (14.23268pt too wide) in paragraph at lines 2870--2872
[]\OT1/cmr/m/n/14.4 we have to add the dec-la-ra-tion of the new rou-tines \OT1
/cmtt/m/n/14.4 read[]newCV
 []

[108
Non-PDF special ignored!
Non-PDF special ignored!
Non-PDF special ignored!
Non-PDF special ignored!
Non-PDF special ignored!
Non-PDF special ignored!
Non-PDF special ignored!
Non-PDF special ignored!
Non-PDF special ignored!
Non-PDF special ignored!
Non-PDF special ignored!
Non-PDF special ignored!
Non-PDF special ignored!
Non-PDF special ignored!
Non-PDF special ignored!
Non-PDF special ignored!] [109
Non-PDF special ignored!
Non-PDF special ignored!
Non-PDF special ignored!
Non-PDF special ignored!
Non-PDF special ignored!
Non-PDF special ignored!
Non-PDF special ignored!]
Chapter 7.
[110
Non-PDF special ignored!
Non-PDF special ignored!
Non-PDF special ignored!
Non-PDF special ignored!


Non-PDF special ignored!
Non-PDF special ignored!
Non-PDF special ignored!
Non-PDF special ignored!
Non-PDF special ignored!
Non-PDF special ignored!
Non-PDF special ignored!
Non-PDF special ignored!
Non-PDF special ignored!]
Underfull \hbox (badness 10000) in paragraph at lines 2956--2956

 []


Underfull \hbox (badness 10000) in paragraph at lines 2956--2956

 []


Underfull \hbox (badness 10000) in paragraph at lines 2956--2956

 []


Underfull \hbox (badness 10000) in paragraph at lines 2956--2956

 []

<./figures/stone-wales.pdf, id=505, 869.39006pt x 472.23625pt>
File: ./figures/stone-wales.pdf Graphic file (type pdf)

<use ./figures/stone-wales.pdf>
Package pdftex.def Info: ./figures/stone-wales.pdf used on input line 2960.
(pdftex.def)             Requested size: 398.33858pt x 216.36662pt.

Overfull \hbox (8.33858pt too wide) in paragraph at lines 2960--2962
 [] 
 []


Underfull \hbox (badness 10000) in paragraph at lines 2981--2981

 []


LaTeX Warning: Citation `Yang:2004p15845' on page 111 undefined on input line 2
988.

<./figures/sn2.pdf, id=506, 993.7125pt x 277.035pt>
File: ./figures/sn2.pdf Graphic file (type pdf)
 <use ./figures/sn2.pdf>
Package pdftex.def Info: ./figures/sn2.pdf used on input line 2992.
(pdftex.def)             Requested size: 398.33858pt x 111.05298pt.

Overfull \hbox (8.33858pt too wide) in paragraph at lines 2992--2993
 [] 
 []

[111
Non-PDF special ignored!
Non-PDF special ignored!
Non-PDF special ignored!
Non-PDF special ignored!] [112
Non-PDF special ignored!
Non-PDF special ignored!
Non-PDF special ignored!
Non-PDF special ignored!
Non-PDF special ignored!
Non-PDF special ignored!
Non-PDF special ignored! <./figures/stone-wales.pdf>] [113
Non-PDF special ignored!
Non-PDF special ignored!
Non-PDF special ignored!
Non-PDF special ignored!
Non-PDF special ignored!
Non-PDF special ignored!
Non-PDF special ignored!
Non-PDF special ignored!
Non-PDF special ignored!
Non-PDF special ignored!
Non-PDF special ignored!
Non-PDF special ignored!
Non-PDF special ignored! <./figures/sn2.pdf>] [114
Non-PDF special ignored!
Non-PDF special ignored!
Non-PDF special ignored!
Non-PDF special ignored!] [115
Non-PDF special ignored!
Non-PDF special ignored!
Non-PDF special ignored!
Non-PDF special ignored!]
Overfull \hbox (128.69919pt too wide) in paragraph at lines 3085--3085
[]\OT1/cmtt/m/n/14.4 mpirun -np 4 $PATH_TO_ESPRESSO/espresso-4.2.1/PW/pw.x < bo
.in > bo.out[] 
 []

[116
Non-PDF special ignored!
Non-PDF special ignored!
Non-PDF special ignored!
Non-PDF special ignored!]
LaTeX Font Info:    External font `cmex10' loaded for size
(Font)              <17.28> on input line 3091.


Package hyperref Warning: Token not allowed in a PDF string (PDFDocEncoding):
(hyperref)                removing `math shift' on input line 3091.


Package hyperref Warning: Token not allowed in a PDF string (PDFDocEncoding):
(hyperref)                removing `\beta' on input line 3091.


Package hyperref Warning: Token not allowed in a PDF string (PDFDocEncoding):
(hyperref)                removing `math shift' on input line 3091.


LaTeX Warning: Citation `Serrano' on page 117 undefined on input line 3094.


LaTeX Warning: Citation `eaton1' on page 117 undefined on input line 3094.

<./figures/hpin.pdf, id=535, 54.2025pt x 109.40875pt>
File: ./figures/hpin.pdf Graphic file (type pdf)
 <use ./figures/hpin.pdf>
Package pdftex.def Info: ./figures/hpin.pdf used on input line 3100.
(pdftex.def)             Requested size: 144.54pt x 291.83658pt.


LaTeX Warning: Citation `Pande2' on page 117 undefined on input line 3111.


LaTeX Warning: Citation `dinn+99pnas' on page 117 undefined on input line 3111.



LaTeX Warning: Citation `zhou+01pnas' on page 117 undefined on input line 3111.



LaTeX Warning: Citation `garc-sanb01prot' on page 117 undefined on input line 3
111.


LaTeX Warning: Citation `PTmetaD' on page 117 undefined on input line 3111.


LaTeX Warning: Citation `Yoda2007' on page 117 undefined on input line 3111.


LaTeX Warning: Citation `Bo.Bra:08' on page 117 undefined on input line 3111.


LaTeX Warning: Citation `Best:2010p18495' on page 117 undefined on input line 3
111.

[117
Non-PDF special ignored!
Non-PDF special ignored!
Non-PDF special ignored!
Non-PDF special ignored!


Non-PDF special ignored!
Non-PDF special ignored!
Non-PDF special ignored!
Non-PDF special ignored!
Non-PDF special ignored!
Non-PDF special ignored!
Non-PDF special ignored!
Non-PDF special ignored!
Non-PDF special ignored! <./figures/hpin.pdf>]

LaTeX Warning: Citation `opls_protein' on page 118 undefined on input line 3124
.

[118
Non-PDF special ignored!
Non-PDF special ignored!
Non-PDF special ignored!
Non-PDF special ignored!
Non-PDF special ignored!
Non-PDF special ignored!
Non-PDF special ignored!
Non-PDF special ignored!
Non-PDF special ignored!
Non-PDF special ignored!
Non-PDF special ignored!
Non-PDF special ignored!
Non-PDF special ignored!
Non-PDF special ignored!
Non-PDF special ignored!
Non-PDF special ignored!
Non-PDF special ignored!
Non-PDF special ignored!
Non-PDF special ignored!]
Underfull \hbox (badness 10000) in paragraph at lines 3200--3200

 []


Underfull \hbox (badness 10000) in paragraph at lines 3200--3200

 []


Underfull \hbox (badness 10000) in paragraph at lines 3200--3200

 []


Underfull \hbox (badness 10000) in paragraph at lines 3200--3200

 []


Underfull \hbox (badness 10000) in paragraph at lines 3200--3200

 []


Underfull \hbox (badness 10000) in paragraph at lines 3200--3200

 []


Underfull \hbox (badness 10000) in paragraph at lines 3200--3200

 []


Underfull \hbox (badness 10000) in paragraph at lines 3200--3200

 []


Underfull \hbox (badness 10000) in paragraph at lines 3200--3200

 []


Underfull \hbox (badness 10000) in paragraph at lines 3200--3200

 []


Underfull \hbox (badness 10000) in paragraph at lines 3200--3200

 []

[119
Non-PDF special ignored!
Non-PDF special ignored!
Non-PDF special ignored!
Non-PDF special ignored!
Non-PDF special ignored!
Non-PDF special ignored!
Non-PDF special ignored!] [120
Non-PDF special ignored!
Non-PDF special ignored!
Non-PDF special ignored!
Non-PDF special ignored!]
No file tutorial.bbl.
No file tutorial.ind.
Package atveryend Info: Empty hook `BeforeClearDocument' on input line 3213.
Package atveryend Info: Empty hook `AfterLastShipout' on input line 3213.
(./tutorial.aux)
Package atveryend Info: Empty hook `AtVeryEndDocument' on input line 3213.
Package atveryend Info: Executing hook `AtEndAfterFileList' on input line 3213.

Package rerunfilecheck Info: File `tutorial.out' has not changed.
(rerunfilecheck)             Checksum: BA475ED9ABA2BC1D6AB4F68E81059BCC;3796.


LaTeX Font Warning: Some font shapes were not available, defaults substituted.


LaTeX Warning: There were undefined references.

Package atveryend Info: Empty hook `AtVeryVeryEnd' on input line 3213.
 ) 
Here is how much of TeX's memory you used:
 5815 strings out of 493312
 87376 string characters out of 6137876
 179012 words of memory out of 5000000
 9174 multiletter control sequences out of 15000+600000
 27083 words of font info for 75 fonts, out of 8000000 for 9000
 957 hyphenation exceptions out of 8191
 29i,12n,31p,1179b,446s stack positions out of 5000i,500n,10000p,200000b,80000s
{/usr/local/texlive/2013/texmf-dist/fonts/enc/dvips/base/8r.enc}</usr/local/t
exlive/2013/texmf-dist/fonts/type1/public/amsfonts/cm/cmbx12.pfb></usr/local/te
xlive/2013/texmf-dist/fonts/type1/public/amsfonts/cm/cmex10.pfb></usr/local/tex
live/2013/texmf-dist/fonts/type1/public/amsfonts/cm/cmmi10.pfb></usr/local/texl
ive/2013/texmf-dist/fonts/type1/public/amsfonts/cm/cmmi12.pfb></usr/local/texli
ve/2013/texmf-dist/fonts/type1/public/amsfonts/cm/cmmi7.pfb></usr/local/texlive
/2013/texmf-dist/fonts/type1/public/amsfonts/cm/cmmi8.pfb></usr/local/texlive/2
013/texmf-dist/fonts/type1/public/amsfonts/cm/cmmib10.pfb></usr/local/texlive/2
013/texmf-dist/fonts/type1/public/amsfonts/cmextra/cmmib7.pfb></usr/local/texli
ve/2013/texmf-dist/fonts/type1/public/amsfonts/cm/cmr10.pfb></usr/local/texlive
/2013/texmf-dist/fonts/type1/public/amsfonts/cm/cmr12.pfb></usr/local/texlive/2
013/texmf-dist/fonts/type1/public/amsfonts/cm/cmr17.pfb></usr/local/texlive/201
3/texmf-dist/fonts/type1/public/amsfonts/cm/cmr6.pfb></usr/local/texlive/2013/t
exmf-dist/fonts/type1/public/amsfonts/cm/cmr7.pfb></usr/local/texlive/2013/texm
f-dist/fonts/type1/public/amsfonts/cm/cmr8.pfb></usr/local/texlive/2013/texmf-d
ist/fonts/type1/public/amsfonts/cm/cmsy10.pfb></usr/local/texlive/2013/texmf-di
st/fonts/type1/public/amsfonts/cm/cmsy7.pfb></usr/local/texlive/2013/texmf-dist
/fonts/type1/public/amsfonts/cm/cmsy8.pfb></usr/local/texlive/2013/texmf-dist/f
onts/type1/public/amsfonts/cm/cmti12.pfb></usr/local/texlive/2013/texmf-dist/fo
nts/type1/public/amsfonts/cm/cmtt10.pfb></usr/local/texlive/2013/texmf-dist/fon
ts/type1/public/amsfonts/cm/cmtt12.pfb></usr/local/texlive/2013/texmf-dist/font
s/type1/public/amsfonts/cm/cmtt8.pfb></usr/local/texlive/2013/texmf-dist/fonts/
type1/urw/helvetic/uhvb8a.pfb></usr/local/texlive/2013/texmf-dist/fonts/type1/u
rw/helvetic/uhvr8a.pfb></usr/local/texlive/2013/texmf-dist/fonts/type1/urw/helv
etic/uhvro8a.pfb>
Output written on tutorial.pdf (121 pages, 3737588 bytes).
PDF statistics:
 639 PDF objects out of 1000 (max. 8388607)
 446 compressed objects within 5 object streams
 0 named destinations out of 1000 (max. 500000)
 131 words of extra memory for PDF output out of 10000 (max. 10000000)

